0 info it worked if it ends with ok
1 verbose cli [ '/usr/bin/node', '/usr/bin/npm', 'install' ]
2 info using npm@3.10.10
3 info using node@v6.17.1
4 silly loadCurrentTree Starting
5 silly install loadCurrentTree
6 silly install readLocalPackageData
7 silly install normalizeTree
8 silly loadCurrentTree Finishing
9 silly loadIdealTree Starting
10 silly install loadIdealTree
11 silly cloneCurrentTree Starting
12 silly install cloneCurrentTreeToIdealTree
13 silly cloneCurrentTree Finishing
14 silly loadShrinkwrap Starting
15 silly install loadShrinkwrap
16 silly loadShrinkwrap Finishing
17 silly loadAllDepsIntoIdealTree Starting
18 silly install loadAllDepsIntoIdealTree
19 silly fetchNamedPackageData jenkins-mocha
20 silly mapToRegistry name jenkins-mocha
21 silly mapToRegistry using default registry
22 silly mapToRegistry registry https://registry.npmjs.org/
23 silly mapToRegistry data Result {
23 silly mapToRegistry   raw: 'jenkins-mocha',
23 silly mapToRegistry   scope: null,
23 silly mapToRegistry   escapedName: 'jenkins-mocha',
23 silly mapToRegistry   name: 'jenkins-mocha',
23 silly mapToRegistry   rawSpec: '',
23 silly mapToRegistry   spec: 'latest',
23 silly mapToRegistry   type: 'tag' }
24 silly mapToRegistry uri https://registry.npmjs.org/jenkins-mocha
25 verbose request uri https://registry.npmjs.org/jenkins-mocha
26 verbose request no auth needed
27 info attempt registry request try #1 at 2:46:53 PM
28 verbose request id d5fe856c8f21375f
29 verbose etag W/"ca912abbd4c79e70b81cb5054f87f1d5"
30 verbose lastModified Mon, 01 Jul 2019 03:50:38 GMT
31 http request GET https://registry.npmjs.org/jenkins-mocha
32 http 304 https://registry.npmjs.org/jenkins-mocha
33 verbose headers { date: 'Mon, 16 Dec 2019 14:46:55 GMT',
33 verbose headers   connection: 'keep-alive',
33 verbose headers   'set-cookie': [ '__cfduid=d4ddd0824c3f6a998cfdb46e616d7e7351576507615; expires=Wed, 15-Jan-20 14:46:55 GMT; path=/; domain=.npmjs.org; HttpOnly' ],
33 verbose headers   'cf-ray': '546173127eade690-LHR',
33 verbose headers   age: '2186',
33 verbose headers   'cache-control': 'public, max-age=300',
33 verbose headers   etag: '"ca912abbd4c79e70b81cb5054f87f1d5"',
33 verbose headers   'last-modified': 'Mon, 01 Jul 2019 03:50:38 GMT',
33 verbose headers   vary: 'Accept-Encoding',
33 verbose headers   'cf-cache-status': 'HIT',
33 verbose headers   'expect-ct': 'max-age=604800, report-uri="https://report-uri.cloudflare.com/cdn-cgi/beacon/expect-ct"',
33 verbose headers   server: 'cloudflare' }
34 silly get cb [ 304,
34 silly get   { date: 'Mon, 16 Dec 2019 14:46:55 GMT',
34 silly get     connection: 'keep-alive',
34 silly get     'set-cookie': [ '__cfduid=d4ddd0824c3f6a998cfdb46e616d7e7351576507615; expires=Wed, 15-Jan-20 14:46:55 GMT; path=/; domain=.npmjs.org; HttpOnly' ],
34 silly get     'cf-ray': '546173127eade690-LHR',
34 silly get     age: '2186',
34 silly get     'cache-control': 'public, max-age=300',
34 silly get     etag: '"ca912abbd4c79e70b81cb5054f87f1d5"',
34 silly get     'last-modified': 'Mon, 01 Jul 2019 03:50:38 GMT',
34 silly get     vary: 'Accept-Encoding',
34 silly get     'cf-cache-status': 'HIT',
34 silly get     'expect-ct': 'max-age=604800, report-uri="https://report-uri.cloudflare.com/cdn-cgi/beacon/expect-ct"',
34 silly get     server: 'cloudflare' } ]
35 verbose etag https://registry.npmjs.org/jenkins-mocha from cache
36 verbose get saving jenkins-mocha to /home/vagrant/.npm/registry.npmjs.org/jenkins-mocha/.cache.json
37 verbose correctMkdir /home/vagrant/.npm correctMkdir not in flight; initializing
38 silly resolveWithNewModule jenkins-mocha@3.0.4 checking installable status
39 silly cache add args [ 'jenkins-mocha@^3.0.4', null ]
40 verbose cache add spec jenkins-mocha@^3.0.4
41 silly cache add parsed spec Result {
41 silly cache add   raw: 'jenkins-mocha@^3.0.4',
41 silly cache add   scope: null,
41 silly cache add   escapedName: 'jenkins-mocha',
41 silly cache add   name: 'jenkins-mocha',
41 silly cache add   rawSpec: '^3.0.4',
41 silly cache add   spec: '>=3.0.4 <4.0.0',
41 silly cache add   type: 'range' }
42 silly addNamed jenkins-mocha@>=3.0.4 <4.0.0
43 verbose addNamed ">=3.0.4 <4.0.0" is a valid semver range for jenkins-mocha
44 silly addNameRange { name: 'jenkins-mocha',
44 silly addNameRange   range: '>=3.0.4 <4.0.0',
44 silly addNameRange   hasData: false }
45 silly mapToRegistry name jenkins-mocha
46 silly mapToRegistry using default registry
47 silly mapToRegistry registry https://registry.npmjs.org/
48 silly mapToRegistry data Result {
48 silly mapToRegistry   raw: 'jenkins-mocha',
48 silly mapToRegistry   scope: null,
48 silly mapToRegistry   escapedName: 'jenkins-mocha',
48 silly mapToRegistry   name: 'jenkins-mocha',
48 silly mapToRegistry   rawSpec: '',
48 silly mapToRegistry   spec: 'latest',
48 silly mapToRegistry   type: 'tag' }
49 silly mapToRegistry uri https://registry.npmjs.org/jenkins-mocha
50 verbose addNameRange registry:https://registry.npmjs.org/jenkins-mocha not in flight; fetching
51 verbose get https://registry.npmjs.org/jenkins-mocha not expired, no request
52 silly addNameRange number 2 { name: 'jenkins-mocha', range: '>=3.0.4 <4.0.0', hasData: true }
53 silly addNameRange versions [ 'jenkins-mocha',
53 silly addNameRange   [ '1.0.0',
53 silly addNameRange     '1.0.1',
53 silly addNameRange     '1.0.2',
53 silly addNameRange     '1.0.3',
53 silly addNameRange     '1.0.4',
53 silly addNameRange     '1.0.5',
53 silly addNameRange     '1.0.6',
53 silly addNameRange     '1.0.7',
53 silly addNameRange     '1.0.8',
53 silly addNameRange     '1.0.9',
53 silly addNameRange     '2.0.0',
53 silly addNameRange     '2.0.1',
53 silly addNameRange     '2.1.0',
53 silly addNameRange     '2.2.0',
53 silly addNameRange     '2.3.0',
53 silly addNameRange     '2.3.1',
53 silly addNameRange     '2.4.0',
53 silly addNameRange     '2.5.0',
53 silly addNameRange     '2.6.0',
53 silly addNameRange     '3.0.0',
53 silly addNameRange     '3.0.2',
53 silly addNameRange     '3.0.3',
53 silly addNameRange     '3.0.4',
53 silly addNameRange     '4.0.0',
53 silly addNameRange     '4.1.0',
53 silly addNameRange     '4.1.1',
53 silly addNameRange     '4.1.2',
53 silly addNameRange     '5.0.0',
53 silly addNameRange     '6.0.0',
53 silly addNameRange     '7.0.0',
53 silly addNameRange     '8.0.0' ] ]
54 silly addNamed jenkins-mocha@3.0.4
55 verbose addNamed "3.0.4" is a plain semver version for jenkins-mocha
56 silly cache afterAdd jenkins-mocha@3.0.4
57 verbose afterAdd /home/vagrant/.npm/jenkins-mocha/3.0.4/package/package.json not in flight; writing
58 verbose correctMkdir /home/vagrant/.npm correctMkdir not in flight; initializing
59 verbose afterAdd /home/vagrant/.npm/jenkins-mocha/3.0.4/package/package.json written
60 silly fetchNamedPackageData istanbul
61 silly mapToRegistry name istanbul
62 silly mapToRegistry using default registry
63 silly mapToRegistry registry https://registry.npmjs.org/
64 silly mapToRegistry data Result {
64 silly mapToRegistry   raw: 'istanbul',
64 silly mapToRegistry   scope: null,
64 silly mapToRegistry   escapedName: 'istanbul',
64 silly mapToRegistry   name: 'istanbul',
64 silly mapToRegistry   rawSpec: '',
64 silly mapToRegistry   spec: 'latest',
64 silly mapToRegistry   type: 'tag' }
65 silly mapToRegistry uri https://registry.npmjs.org/istanbul
66 verbose request uri https://registry.npmjs.org/istanbul
67 verbose request no auth needed
68 info attempt registry request try #1 at 2:46:54 PM
69 verbose etag W/"ebc21bec19266e2b5fb7fb66e907f662"
70 verbose lastModified Thu, 31 Jan 2019 21:36:04 GMT
71 http request GET https://registry.npmjs.org/istanbul
72 http 304 https://registry.npmjs.org/istanbul
73 verbose headers { date: 'Mon, 16 Dec 2019 14:46:55 GMT',
73 verbose headers   connection: 'keep-alive',
73 verbose headers   'set-cookie': [ '__cfduid=d4ddd0824c3f6a998cfdb46e616d7e7351576507615; expires=Wed, 15-Jan-20 14:46:55 GMT; path=/; domain=.npmjs.org; HttpOnly' ],
73 verbose headers   'cf-ray': '54617313f985e690-LHR',
73 verbose headers   age: '6368',
73 verbose headers   'cache-control': 'public, max-age=300',
73 verbose headers   etag: '"ebc21bec19266e2b5fb7fb66e907f662"',
73 verbose headers   'last-modified': 'Thu, 31 Jan 2019 21:36:04 GMT',
73 verbose headers   vary: 'Accept-Encoding',
73 verbose headers   'cf-cache-status': 'HIT',
73 verbose headers   'expect-ct': 'max-age=604800, report-uri="https://report-uri.cloudflare.com/cdn-cgi/beacon/expect-ct"',
73 verbose headers   server: 'cloudflare' }
74 silly get cb [ 304,
74 silly get   { date: 'Mon, 16 Dec 2019 14:46:55 GMT',
74 silly get     connection: 'keep-alive',
74 silly get     'set-cookie': [ '__cfduid=d4ddd0824c3f6a998cfdb46e616d7e7351576507615; expires=Wed, 15-Jan-20 14:46:55 GMT; path=/; domain=.npmjs.org; HttpOnly' ],
74 silly get     'cf-ray': '54617313f985e690-LHR',
74 silly get     age: '6368',
74 silly get     'cache-control': 'public, max-age=300',
74 silly get     etag: '"ebc21bec19266e2b5fb7fb66e907f662"',
74 silly get     'last-modified': 'Thu, 31 Jan 2019 21:36:04 GMT',
74 silly get     vary: 'Accept-Encoding',
74 silly get     'cf-cache-status': 'HIT',
74 silly get     'expect-ct': 'max-age=604800, report-uri="https://report-uri.cloudflare.com/cdn-cgi/beacon/expect-ct"',
74 silly get     server: 'cloudflare' } ]
75 verbose etag https://registry.npmjs.org/istanbul from cache
76 verbose get saving istanbul to /home/vagrant/.npm/registry.npmjs.org/istanbul/.cache.json
77 verbose correctMkdir /home/vagrant/.npm correctMkdir not in flight; initializing
78 silly resolveWithNewModule istanbul@0.4.5 checking installable status
79 silly cache add args [ 'istanbul@^0.4.0', null ]
80 verbose cache add spec istanbul@^0.4.0
81 silly cache add parsed spec Result {
81 silly cache add   raw: 'istanbul@^0.4.0',
81 silly cache add   scope: null,
81 silly cache add   escapedName: 'istanbul',
81 silly cache add   name: 'istanbul',
81 silly cache add   rawSpec: '^0.4.0',
81 silly cache add   spec: '>=0.4.0 <0.5.0',
81 silly cache add   type: 'range' }
82 silly addNamed istanbul@>=0.4.0 <0.5.0
83 verbose addNamed ">=0.4.0 <0.5.0" is a valid semver range for istanbul
84 silly addNameRange { name: 'istanbul', range: '>=0.4.0 <0.5.0', hasData: false }
85 silly mapToRegistry name istanbul
86 silly mapToRegistry using default registry
87 silly mapToRegistry registry https://registry.npmjs.org/
88 silly mapToRegistry data Result {
88 silly mapToRegistry   raw: 'istanbul',
88 silly mapToRegistry   scope: null,
88 silly mapToRegistry   escapedName: 'istanbul',
88 silly mapToRegistry   name: 'istanbul',
88 silly mapToRegistry   rawSpec: '',
88 silly mapToRegistry   spec: 'latest',
88 silly mapToRegistry   type: 'tag' }
89 silly mapToRegistry uri https://registry.npmjs.org/istanbul
90 verbose addNameRange registry:https://registry.npmjs.org/istanbul not in flight; fetching
91 verbose get https://registry.npmjs.org/istanbul not expired, no request
92 silly addNameRange number 2 { name: 'istanbul', range: '>=0.4.0 <0.5.0', hasData: true }
93 silly addNameRange versions [ 'istanbul',
93 silly addNameRange   [ '0.1.0',
93 silly addNameRange     '0.1.1',
93 silly addNameRange     '0.1.2',
93 silly addNameRange     '0.1.3',
93 silly addNameRange     '0.1.4',
93 silly addNameRange     '0.1.5',
93 silly addNameRange     '0.1.6',
93 silly addNameRange     '0.1.7',
93 silly addNameRange     '0.1.8',
93 silly addNameRange     '0.1.9',
93 silly addNameRange     '0.1.10',
93 silly addNameRange     '0.1.11',
93 silly addNameRange     '0.1.12',
93 silly addNameRange     '0.1.13',
93 silly addNameRange     '0.1.14',
93 silly addNameRange     '0.1.15',
93 silly addNameRange     '0.1.16',
93 silly addNameRange     '0.1.17',
93 silly addNameRange     '0.1.18',
93 silly addNameRange     '0.1.19',
93 silly addNameRange     '0.1.20',
93 silly addNameRange     '0.1.21',
93 silly addNameRange     '0.1.22',
93 silly addNameRange     '0.1.23',
93 silly addNameRange     '0.1.24',
93 silly addNameRange     '0.1.25',
93 silly addNameRange     '0.1.26',
93 silly addNameRange     '0.1.27',
93 silly addNameRange     '0.1.28',
93 silly addNameRange     '0.1.29',
93 silly addNameRange     '0.1.30',
93 silly addNameRange     '0.1.31',
93 silly addNameRange     '0.1.32',
93 silly addNameRange     '0.1.33',
93 silly addNameRange     '0.1.34',
93 silly addNameRange     '0.1.35',
93 silly addNameRange     '0.1.36',
93 silly addNameRange     '0.1.37',
93 silly addNameRange     '0.1.38',
93 silly addNameRange     '0.1.39',
93 silly addNameRange     '0.1.40',
93 silly addNameRange     '0.1.41',
93 silly addNameRange     '0.1.42',
93 silly addNameRange     '0.1.43',
93 silly addNameRange     '0.1.44',
93 silly addNameRange     '0.1.45',
93 silly addNameRange     '0.1.46',
93 silly addNameRange     '0.2.0',
93 silly addNameRange     '0.2.1',
93 silly addNameRange     '0.2.2',
93 silly addNameRange     '0.2.3',
93 silly addNameRange     '0.2.4',
93 silly addNameRange     '0.2.5',
93 silly addNameRange     '0.2.6',
93 silly addNameRange     '0.2.7',
93 silly addNameRange     '0.2.8',
93 silly addNameRange     '0.2.9',
93 silly addNameRange     '0.2.10',
93 silly addNameRange     '0.2.11',
93 silly addNameRange     '0.2.12',
93 silly addNameRange     '0.2.13',
93 silly addNameRange     '0.2.14',
93 silly addNameRange     '0.2.15',
93 silly addNameRange     '0.2.16',
93 silly addNameRange     '0.3.0',
93 silly addNameRange     '0.3.1',
93 silly addNameRange     '0.3.2',
93 silly addNameRange     '0.3.3',
93 silly addNameRange     '0.3.4',
93 silly addNameRange     '0.3.5',
93 silly addNameRange     '0.3.6',
93 silly addNameRange     '0.3.7',
93 silly addNameRange     '0.3.8',
93 silly addNameRange     '0.3.9',
93 silly addNameRange     '0.3.10',
93 silly addNameRange     '0.3.11',
93 silly addNameRange     '0.3.13',
93 silly addNameRange     '0.3.14',
93 silly addNameRange     '0.3.15',
93 silly addNameRange     '0.3.16',
93 silly addNameRange     '0.3.17',
93 silly addNameRange     '0.3.18',
93 silly addNameRange     '0.3.19',
93 silly addNameRange     '0.3.20',
93 silly addNameRange     '0.3.21',
93 silly addNameRange     '0.3.22',
93 silly addNameRange     '0.4.0',
93 silly addNameRange     '0.4.1',
93 silly addNameRange     '1.0.0-alpha.1',
93 silly addNameRange     '1.0.0-alpha.2',
93 silly addNameRange     '0.4.2',
93 silly addNameRange     '0.4.3',
93 silly addNameRange     '0.4.4',
93 silly addNameRange     '1.1.0-alpha.1',
93 silly addNameRange     '0.4.5' ] ]
94 silly addNamed istanbul@0.4.5
95 verbose addNamed "0.4.5" is a plain semver version for istanbul
96 warn deprecated istanbul@0.4.5: This module is no longer maintained, try this instead:
96 warn deprecated   npm i nyc
96 warn deprecated Visit https://istanbul.js.org/integrations for other alternatives.
97 silly cache afterAdd istanbul@0.4.5
98 verbose afterAdd /home/vagrant/.npm/istanbul/0.4.5/package/package.json not in flight; writing
99 verbose correctMkdir /home/vagrant/.npm correctMkdir not in flight; initializing
100 verbose afterAdd /home/vagrant/.npm/istanbul/0.4.5/package/package.json written
101 silly fetchNamedPackageData esprima
102 silly mapToRegistry name esprima
103 silly mapToRegistry using default registry
104 silly mapToRegistry registry https://registry.npmjs.org/
105 silly mapToRegistry data Result {
105 silly mapToRegistry   raw: 'esprima',
105 silly mapToRegistry   scope: null,
105 silly mapToRegistry   escapedName: 'esprima',
105 silly mapToRegistry   name: 'esprima',
105 silly mapToRegistry   rawSpec: '',
105 silly mapToRegistry   spec: 'latest',
105 silly mapToRegistry   type: 'tag' }
106 silly mapToRegistry uri https://registry.npmjs.org/esprima
107 verbose request uri https://registry.npmjs.org/esprima
108 verbose request no auth needed
109 info attempt registry request try #1 at 2:46:54 PM
110 verbose etag W/"1408d15684aa02561523c247813d3acf"
111 verbose lastModified Sun, 29 Sep 2019 09:56:40 GMT
112 http request GET https://registry.npmjs.org/esprima
113 http 304 https://registry.npmjs.org/esprima
114 verbose headers { date: 'Mon, 16 Dec 2019 14:46:55 GMT',
114 verbose headers   connection: 'keep-alive',
114 verbose headers   'set-cookie': [ '__cfduid=d4ddd0824c3f6a998cfdb46e616d7e7351576507615; expires=Wed, 15-Jan-20 14:46:55 GMT; path=/; domain=.npmjs.org; HttpOnly' ],
114 verbose headers   'cf-ray': '546173162e8ae690-LHR',
114 verbose headers   age: '488',
114 verbose headers   'cache-control': 'public, max-age=300',
114 verbose headers   etag: '"1408d15684aa02561523c247813d3acf"',
114 verbose headers   'last-modified': 'Sun, 29 Sep 2019 09:56:40 GMT',
114 verbose headers   vary: 'Accept-Encoding',
114 verbose headers   'cf-cache-status': 'HIT',
114 verbose headers   'expect-ct': 'max-age=604800, report-uri="https://report-uri.cloudflare.com/cdn-cgi/beacon/expect-ct"',
114 verbose headers   server: 'cloudflare' }
115 silly get cb [ 304,
115 silly get   { date: 'Mon, 16 Dec 2019 14:46:55 GMT',
115 silly get     connection: 'keep-alive',
115 silly get     'set-cookie': [ '__cfduid=d4ddd0824c3f6a998cfdb46e616d7e7351576507615; expires=Wed, 15-Jan-20 14:46:55 GMT; path=/; domain=.npmjs.org; HttpOnly' ],
115 silly get     'cf-ray': '546173162e8ae690-LHR',
115 silly get     age: '488',
115 silly get     'cache-control': 'public, max-age=300',
115 silly get     etag: '"1408d15684aa02561523c247813d3acf"',
115 silly get     'last-modified': 'Sun, 29 Sep 2019 09:56:40 GMT',
115 silly get     vary: 'Accept-Encoding',
115 silly get     'cf-cache-status': 'HIT',
115 silly get     'expect-ct': 'max-age=604800, report-uri="https://report-uri.cloudflare.com/cdn-cgi/beacon/expect-ct"',
115 silly get     server: 'cloudflare' } ]
116 verbose etag https://registry.npmjs.org/esprima from cache
117 verbose get saving esprima to /home/vagrant/.npm/registry.npmjs.org/esprima/.cache.json
118 verbose correctMkdir /home/vagrant/.npm correctMkdir not in flight; initializing
119 silly resolveWithNewModule esprima@2.7.3 checking installable status
120 silly cache add args [ 'esprima@2.7.x', null ]
121 verbose cache add spec esprima@2.7.x
122 silly cache add parsed spec Result {
122 silly cache add   raw: 'esprima@2.7.x',
122 silly cache add   scope: null,
122 silly cache add   escapedName: 'esprima',
122 silly cache add   name: 'esprima',
122 silly cache add   rawSpec: '2.7.x',
122 silly cache add   spec: '>=2.7.0 <2.8.0',
122 silly cache add   type: 'range' }
123 silly addNamed esprima@>=2.7.0 <2.8.0
124 verbose addNamed ">=2.7.0 <2.8.0" is a valid semver range for esprima
125 silly addNameRange { name: 'esprima', range: '>=2.7.0 <2.8.0', hasData: false }
126 silly mapToRegistry name esprima
127 silly mapToRegistry using default registry
128 silly mapToRegistry registry https://registry.npmjs.org/
129 silly mapToRegistry data Result {
129 silly mapToRegistry   raw: 'esprima',
129 silly mapToRegistry   scope: null,
129 silly mapToRegistry   escapedName: 'esprima',
129 silly mapToRegistry   name: 'esprima',
129 silly mapToRegistry   rawSpec: '',
129 silly mapToRegistry   spec: 'latest',
129 silly mapToRegistry   type: 'tag' }
130 silly mapToRegistry uri https://registry.npmjs.org/esprima
131 verbose addNameRange registry:https://registry.npmjs.org/esprima not in flight; fetching
132 verbose get https://registry.npmjs.org/esprima not expired, no request
133 silly addNameRange number 2 { name: 'esprima', range: '>=2.7.0 <2.8.0', hasData: true }
134 silly addNameRange versions [ 'esprima',
134 silly addNameRange   [ '0.7.0',
134 silly addNameRange     '0.8.0',
134 silly addNameRange     '0.8.1',
134 silly addNameRange     '0.8.2',
134 silly addNameRange     '0.9.0',
134 silly addNameRange     '0.9.1',
134 silly addNameRange     '0.9.2',
134 silly addNameRange     '0.9.3',
134 silly addNameRange     '0.9.4',
134 silly addNameRange     '0.9.5',
134 silly addNameRange     '0.9.6',
134 silly addNameRange     '0.9.7',
134 silly addNameRange     '0.9.8',
134 silly addNameRange     '0.9.9',
134 silly addNameRange     '1.0.0',
134 silly addNameRange     '1.0.1',
134 silly addNameRange     '1.0.2',
134 silly addNameRange     '1.0.3',
134 silly addNameRange     '1.0.4',
134 silly addNameRange     '1.1.0',
134 silly addNameRange     '1.1.1',
134 silly addNameRange     '1.2.0',
134 silly addNameRange     '1.2.1',
134 silly addNameRange     '1.2.2',
134 silly addNameRange     '1.2.3',
134 silly addNameRange     '1.2.4',
134 silly addNameRange     '2.0.0',
134 silly addNameRange     '1.2.5',
134 silly addNameRange     '2.1.0',
134 silly addNameRange     '2.2.0',
134 silly addNameRange     '2.3.0',
134 silly addNameRange     '2.4.0',
134 silly addNameRange     '2.4.1',
134 silly addNameRange     '2.5.0',
134 silly addNameRange     '2.6.0',
134 silly addNameRange     '2.7.0',
134 silly addNameRange     '2.7.1',
134 silly addNameRange     '2.7.2',
134 silly addNameRange     '2.7.3',
134 silly addNameRange     '3.0.0',
134 silly addNameRange     '3.1.0',
134 silly addNameRange     '3.1.1',
134 silly addNameRange     '3.1.2',
134 silly addNameRange     '3.1.3',
134 silly addNameRange     '4.0.0',
134 silly addNameRange     '4.0.1' ] ]
135 silly addNamed esprima@2.7.3
136 verbose addNamed "2.7.3" is a plain semver version for esprima
137 silly cache afterAdd esprima@2.7.3
138 verbose afterAdd /home/vagrant/.npm/esprima/2.7.3/package/package.json not in flight; writing
139 verbose correctMkdir /home/vagrant/.npm correctMkdir not in flight; initializing
140 verbose afterAdd /home/vagrant/.npm/esprima/2.7.3/package/package.json written
141 silly loadAllDepsIntoIdealTree Finishing
142 silly loadIdealTree Finishing
143 silly currentTree solution-code@1.0.0
143 silly currentTree ├── abbrev@1.0.9
143 silly currentTree ├── accepts@1.3.7
143 silly currentTree ├── amdefine@1.0.1
143 silly currentTree ├── ansi-regex@3.0.0
143 silly currentTree ├── argparse@1.0.10
143 silly currentTree ├── array-flatten@1.1.1
143 silly currentTree ├── assertion-error@1.1.0
143 silly currentTree ├── async@1.5.2
143 silly currentTree ├── balanced-match@1.0.0
143 silly currentTree ├── bluebird@3.5.0
143 silly currentTree ├── body-parser@1.19.0
143 silly currentTree ├── brace-expansion@1.1.11
143 silly currentTree ├── browser-stdout@1.3.0
143 silly currentTree ├── bson@1.0.9
143 silly currentTree ├── buffer-shims@1.0.0
143 silly currentTree ├── bytes@3.1.0
143 silly currentTree ├── chai-http@3.0.0
143 silly currentTree ├── chai-jquery@2.1.0
143 silly currentTree ├── chai@3.5.0
143 silly currentTree ├── charenc@0.0.2
143 silly currentTree ├── combined-stream@1.0.8
143 silly currentTree ├── commander@2.20.3
143 silly currentTree ├── component-emitter@1.3.0
143 silly currentTree ├── concat-map@0.0.1
143 silly currentTree ├── content-disposition@0.5.3
143 silly currentTree ├── content-type@1.0.4
143 silly currentTree ├── cookie-signature@1.0.6
143 silly currentTree ├── cookie@0.4.0
143 silly currentTree ├── cookiejar@2.0.6
143 silly currentTree ├── core-util-is@1.0.2
143 silly currentTree ├── crypt@0.0.2
143 silly currentTree ├── debug@2.6.9
143 silly currentTree ├─┬ deep-eql@0.1.3
143 silly currentTree │ └── type-detect@0.1.1
143 silly currentTree ├── deep-is@0.1.3
143 silly currentTree ├── delayed-stream@1.0.0
143 silly currentTree ├── depd@1.1.2
143 silly currentTree ├── destroy@1.0.4
143 silly currentTree ├── diff@3.2.0
143 silly currentTree ├── ee-first@1.1.1
143 silly currentTree ├── ejs@2.7.4
143 silly currentTree ├── encodeurl@1.0.2
143 silly currentTree ├── errno@0.1.7
143 silly currentTree ├── es6-promise@3.2.1
143 silly currentTree ├── escape-html@1.0.3
143 silly currentTree ├── escape-string-regexp@1.0.5
143 silly currentTree ├── escodegen@1.8.1
143 silly currentTree ├── estraverse@1.9.3
143 silly currentTree ├── esutils@2.0.3
143 silly currentTree ├── etag@1.8.1
143 silly currentTree ├── express@4.17.1
143 silly currentTree ├── extend@3.0.2
143 silly currentTree ├── faker@4.1.0
143 silly currentTree ├── fast-levenshtein@2.0.6
143 silly currentTree ├── finalhandler@1.1.2
143 silly currentTree ├── form-data@1.0.0-rc4
143 silly currentTree ├── formidable@1.2.1
143 silly currentTree ├── forwarded@0.1.2
143 silly currentTree ├── fresh@0.5.2
143 silly currentTree ├── fs.realpath@1.0.0
143 silly currentTree ├── glob@5.0.15
143 silly currentTree ├── graceful-readlink@1.0.1
143 silly currentTree ├── growl@1.9.2
143 silly currentTree ├─┬ handlebars@4.5.3
143 silly currentTree │ └── source-map@0.6.1
143 silly currentTree ├── has-flag@1.0.0
143 silly currentTree ├── he@1.1.1
143 silly currentTree ├── hooks-fixed@2.0.2
143 silly currentTree ├── http-errors@1.7.2
143 silly currentTree ├── iconv-lite@0.4.24
143 silly currentTree ├── inflight@1.0.6
143 silly currentTree ├── inherits@2.0.3
143 silly currentTree ├── interpret@1.2.0
143 silly currentTree ├── ip-regex@1.0.3
143 silly currentTree ├── ipaddr.js@1.9.0
143 silly currentTree ├── is-buffer@1.1.6
143 silly currentTree ├── is-ip@1.0.0
143 silly currentTree ├── isarray@1.0.0
143 silly currentTree ├── isexe@2.0.0
143 silly currentTree ├─┬ js-yaml@3.13.1
143 silly currentTree │ └── esprima@4.0.1
143 silly currentTree ├── json2mongo@2.0.0
143 silly currentTree ├── json3@3.3.2
143 silly currentTree ├── kareem@1.5.0
143 silly currentTree ├── levn@0.3.0
143 silly currentTree ├── lodash._baseassign@3.2.0
143 silly currentTree ├── lodash._basecopy@3.0.1
143 silly currentTree ├── lodash._basecreate@3.0.3
143 silly currentTree ├── lodash._getnative@3.9.1
143 silly currentTree ├── lodash._isiterateecall@3.0.9
143 silly currentTree ├── lodash.create@3.1.1
143 silly currentTree ├── lodash.get@4.4.2
143 silly currentTree ├── lodash.isarguments@3.1.0
143 silly currentTree ├── lodash.isarray@3.0.4
143 silly currentTree ├── lodash.keys@3.1.2
143 silly currentTree ├── lodash@4.17.15
143 silly currentTree ├── md5@2.2.1
143 silly currentTree ├── media-typer@0.3.0
143 silly currentTree ├── merge-descriptors@1.0.1
143 silly currentTree ├── methods@1.1.2
143 silly currentTree ├── mime-db@1.42.0
143 silly currentTree ├── mime-types@2.1.25
143 silly currentTree ├── mime@1.6.0
143 silly currentTree ├── minimatch@3.0.4
143 silly currentTree ├── minimist@0.0.10
143 silly currentTree ├─┬ mkdirp@0.5.1
143 silly currentTree │ └── minimist@0.0.8
143 silly currentTree ├── mocha-junit-reporter@1.23.1
143 silly currentTree ├─┬ mocha@3.5.3
143 silly currentTree │ ├── commander@2.9.0
143 silly currentTree │ ├── debug@2.6.8
143 silly currentTree │ ├── glob@7.1.1
143 silly currentTree │ └── supports-color@3.1.2
143 silly currentTree ├── mongodb-core@2.1.18
143 silly currentTree ├── mongodb@2.2.34
143 silly currentTree ├─┬ mongoose@4.13.19
143 silly currentTree │ └── async@2.6.0
143 silly currentTree ├── mpath@0.5.1
143 silly currentTree ├── mpromise@0.5.5
143 silly currentTree ├─┬ mquery@2.3.3
143 silly currentTree │ └── sliced@0.0.5
143 silly currentTree ├── ms@2.0.0
143 silly currentTree ├── muri@1.3.0
143 silly currentTree ├── negotiator@0.6.2
143 silly currentTree ├── neo-async@2.6.1
143 silly currentTree ├─┬ node-mongo-seeds@2.3.2
143 silly currentTree │ └── lodash@3.10.1
143 silly currentTree ├── nopt@3.0.6
143 silly currentTree ├── npm-path@2.0.4
143 silly currentTree ├── npm-which@3.0.1
143 silly currentTree ├── on-finished@2.3.0
143 silly currentTree ├── once@1.4.0
143 silly currentTree ├─┬ optimist@0.6.1
143 silly currentTree │ └── wordwrap@0.0.3
143 silly currentTree ├── optionator@0.8.3
143 silly currentTree ├── parseurl@1.3.3
143 silly currentTree ├── path-is-absolute@1.0.1
143 silly currentTree ├── path-to-regexp@0.1.7
143 silly currentTree ├── prelude-ls@1.1.2
143 silly currentTree ├── process-nextick-args@1.0.7
143 silly currentTree ├── proxy-addr@2.0.5
143 silly currentTree ├── prr@1.0.1
143 silly currentTree ├── q@1.5.1
143 silly currentTree ├── qs@6.7.0
143 silly currentTree ├── range-parser@1.2.1
143 silly currentTree ├── raw-body@2.4.0
143 silly currentTree ├── readable-stream@2.2.7
143 silly currentTree ├── rechoir@0.6.2
143 silly currentTree ├── regexp-clone@0.0.1
143 silly currentTree ├── require_optional@1.0.1
143 silly currentTree ├── resolve-from@2.0.0
143 silly currentTree ├── resolve@1.1.7
143 silly currentTree ├── safe-buffer@5.1.2
143 silly currentTree ├── safer-buffer@2.1.2
143 silly currentTree ├── semver@5.7.1
143 silly currentTree ├─┬ send@0.17.1
143 silly currentTree │ └── ms@2.1.1
143 silly currentTree ├── serve-static@1.14.1
143 silly currentTree ├── setprototypeof@1.1.1
143 silly currentTree ├── shell-escape@0.2.0
143 silly currentTree ├─┬ shelljs@0.7.8
143 silly currentTree │ └── glob@7.1.6
143 silly currentTree ├── sliced@1.0.1
143 silly currentTree ├── source-map@0.2.0
143 silly currentTree ├── spec-xunit-file@0.0.1-3
143 silly currentTree ├── sprintf-js@1.0.3
143 silly currentTree ├── statuses@1.5.0
143 silly currentTree ├── string_decoder@1.0.3
143 silly currentTree ├── strip-ansi@4.0.0
143 silly currentTree ├── superagent@2.3.0
143 silly currentTree ├── supports-color@3.2.3
143 silly currentTree ├── toidentifier@1.0.0
143 silly currentTree ├── type-check@0.3.2
143 silly currentTree ├── type-detect@1.0.0
143 silly currentTree ├── type-is@1.6.18
143 silly currentTree ├─┬ uglify-js@3.7.2
143 silly currentTree │ └── source-map@0.6.1
143 silly currentTree ├── unpipe@1.0.0
143 silly currentTree ├── util-deprecate@1.0.2
143 silly currentTree ├── utils-merge@1.0.1
143 silly currentTree ├── vary@1.1.2
143 silly currentTree ├── which@1.3.1
143 silly currentTree ├── word-wrap@1.2.3
143 silly currentTree ├── wordwrap@1.0.0
143 silly currentTree ├── wrappy@1.0.2
143 silly currentTree └── xml@1.0.1
144 silly idealTree solution-code@1.0.0
144 silly idealTree ├── abbrev@1.0.9
144 silly idealTree ├── accepts@1.3.7
144 silly idealTree ├── amdefine@1.0.1
144 silly idealTree ├── ansi-regex@3.0.0
144 silly idealTree ├── argparse@1.0.10
144 silly idealTree ├── array-flatten@1.1.1
144 silly idealTree ├── assertion-error@1.1.0
144 silly idealTree ├── async@1.5.2
144 silly idealTree ├── balanced-match@1.0.0
144 silly idealTree ├── bluebird@3.5.0
144 silly idealTree ├── body-parser@1.19.0
144 silly idealTree ├── brace-expansion@1.1.11
144 silly idealTree ├── browser-stdout@1.3.0
144 silly idealTree ├── bson@1.0.9
144 silly idealTree ├── buffer-shims@1.0.0
144 silly idealTree ├── bytes@3.1.0
144 silly idealTree ├── chai-http@3.0.0
144 silly idealTree ├── chai-jquery@2.1.0
144 silly idealTree ├── chai@3.5.0
144 silly idealTree ├── charenc@0.0.2
144 silly idealTree ├── combined-stream@1.0.8
144 silly idealTree ├── commander@2.20.3
144 silly idealTree ├── component-emitter@1.3.0
144 silly idealTree ├── concat-map@0.0.1
144 silly idealTree ├── content-disposition@0.5.3
144 silly idealTree ├── content-type@1.0.4
144 silly idealTree ├── cookie-signature@1.0.6
144 silly idealTree ├── cookie@0.4.0
144 silly idealTree ├── cookiejar@2.0.6
144 silly idealTree ├── core-util-is@1.0.2
144 silly idealTree ├── crypt@0.0.2
144 silly idealTree ├── debug@2.6.9
144 silly idealTree ├─┬ deep-eql@0.1.3
144 silly idealTree │ └── type-detect@0.1.1
144 silly idealTree ├── deep-is@0.1.3
144 silly idealTree ├── delayed-stream@1.0.0
144 silly idealTree ├── depd@1.1.2
144 silly idealTree ├── destroy@1.0.4
144 silly idealTree ├── diff@3.2.0
144 silly idealTree ├── ee-first@1.1.1
144 silly idealTree ├── ejs@2.7.4
144 silly idealTree ├── encodeurl@1.0.2
144 silly idealTree ├── errno@0.1.7
144 silly idealTree ├── es6-promise@3.2.1
144 silly idealTree ├── escape-html@1.0.3
144 silly idealTree ├── escape-string-regexp@1.0.5
144 silly idealTree ├── escodegen@1.8.1
144 silly idealTree ├── esprima@2.7.3
144 silly idealTree ├── estraverse@1.9.3
144 silly idealTree ├── esutils@2.0.3
144 silly idealTree ├── etag@1.8.1
144 silly idealTree ├── express@4.17.1
144 silly idealTree ├── extend@3.0.2
144 silly idealTree ├── faker@4.1.0
144 silly idealTree ├── fast-levenshtein@2.0.6
144 silly idealTree ├── finalhandler@1.1.2
144 silly idealTree ├── form-data@1.0.0-rc4
144 silly idealTree ├── formidable@1.2.1
144 silly idealTree ├── forwarded@0.1.2
144 silly idealTree ├── fresh@0.5.2
144 silly idealTree ├── fs.realpath@1.0.0
144 silly idealTree ├── glob@5.0.15
144 silly idealTree ├── graceful-readlink@1.0.1
144 silly idealTree ├── growl@1.9.2
144 silly idealTree ├─┬ handlebars@4.5.3
144 silly idealTree │ └── source-map@0.6.1
144 silly idealTree ├── has-flag@1.0.0
144 silly idealTree ├── he@1.1.1
144 silly idealTree ├── hooks-fixed@2.0.2
144 silly idealTree ├── http-errors@1.7.2
144 silly idealTree ├── iconv-lite@0.4.24
144 silly idealTree ├── inflight@1.0.6
144 silly idealTree ├── inherits@2.0.3
144 silly idealTree ├── interpret@1.2.0
144 silly idealTree ├── ip-regex@1.0.3
144 silly idealTree ├── ipaddr.js@1.9.0
144 silly idealTree ├── is-buffer@1.1.6
144 silly idealTree ├── is-ip@1.0.0
144 silly idealTree ├── isarray@1.0.0
144 silly idealTree ├── isexe@2.0.0
144 silly idealTree ├── istanbul@0.4.5
144 silly idealTree ├── jenkins-mocha@3.0.4
144 silly idealTree ├─┬ js-yaml@3.13.1
144 silly idealTree │ └── esprima@4.0.1
144 silly idealTree ├── json2mongo@2.0.0
144 silly idealTree ├── json3@3.3.2
144 silly idealTree ├── kareem@1.5.0
144 silly idealTree ├── levn@0.3.0
144 silly idealTree ├── lodash._baseassign@3.2.0
144 silly idealTree ├── lodash._basecopy@3.0.1
144 silly idealTree ├── lodash._basecreate@3.0.3
144 silly idealTree ├── lodash._getnative@3.9.1
144 silly idealTree ├── lodash._isiterateecall@3.0.9
144 silly idealTree ├── lodash.create@3.1.1
144 silly idealTree ├── lodash.get@4.4.2
144 silly idealTree ├── lodash.isarguments@3.1.0
144 silly idealTree ├── lodash.isarray@3.0.4
144 silly idealTree ├── lodash.keys@3.1.2
144 silly idealTree ├── lodash@4.17.15
144 silly idealTree ├── md5@2.2.1
144 silly idealTree ├── media-typer@0.3.0
144 silly idealTree ├── merge-descriptors@1.0.1
144 silly idealTree ├── methods@1.1.2
144 silly idealTree ├── mime-db@1.42.0
144 silly idealTree ├── mime-types@2.1.25
144 silly idealTree ├── mime@1.6.0
144 silly idealTree ├── minimatch@3.0.4
144 silly idealTree ├── minimist@0.0.10
144 silly idealTree ├─┬ mkdirp@0.5.1
144 silly idealTree │ └── minimist@0.0.8
144 silly idealTree ├── mocha-junit-reporter@1.23.1
144 silly idealTree ├─┬ mocha@3.5.3
144 silly idealTree │ ├── commander@2.9.0
144 silly idealTree │ ├── debug@2.6.8
144 silly idealTree │ ├── glob@7.1.1
144 silly idealTree │ └── supports-color@3.1.2
144 silly idealTree ├── mongodb-core@2.1.18
144 silly idealTree ├── mongodb@2.2.34
144 silly idealTree ├─┬ mongoose@4.13.19
144 silly idealTree │ └── async@2.6.0
144 silly idealTree ├── mpath@0.5.1
144 silly idealTree ├── mpromise@0.5.5
144 silly idealTree ├─┬ mquery@2.3.3
144 silly idealTree │ └── sliced@0.0.5
144 silly idealTree ├── ms@2.0.0
144 silly idealTree ├── muri@1.3.0
144 silly idealTree ├── negotiator@0.6.2
144 silly idealTree ├── neo-async@2.6.1
144 silly idealTree ├─┬ node-mongo-seeds@2.3.2
144 silly idealTree │ └── lodash@3.10.1
144 silly idealTree ├── nopt@3.0.6
144 silly idealTree ├── npm-path@2.0.4
144 silly idealTree ├── npm-which@3.0.1
144 silly idealTree ├── on-finished@2.3.0
144 silly idealTree ├── once@1.4.0
144 silly idealTree ├─┬ optimist@0.6.1
144 silly idealTree │ └── wordwrap@0.0.3
144 silly idealTree ├── optionator@0.8.3
144 silly idealTree ├── parseurl@1.3.3
144 silly idealTree ├── path-is-absolute@1.0.1
144 silly idealTree ├── path-to-regexp@0.1.7
144 silly idealTree ├── prelude-ls@1.1.2
144 silly idealTree ├── process-nextick-args@1.0.7
144 silly idealTree ├── proxy-addr@2.0.5
144 silly idealTree ├── prr@1.0.1
144 silly idealTree ├── q@1.5.1
144 silly idealTree ├── qs@6.7.0
144 silly idealTree ├── range-parser@1.2.1
144 silly idealTree ├── raw-body@2.4.0
144 silly idealTree ├── readable-stream@2.2.7
144 silly idealTree ├── rechoir@0.6.2
144 silly idealTree ├── regexp-clone@0.0.1
144 silly idealTree ├── require_optional@1.0.1
144 silly idealTree ├── resolve-from@2.0.0
144 silly idealTree ├── resolve@1.1.7
144 silly idealTree ├── safe-buffer@5.1.2
144 silly idealTree ├── safer-buffer@2.1.2
144 silly idealTree ├── semver@5.7.1
144 silly idealTree ├─┬ send@0.17.1
144 silly idealTree │ └── ms@2.1.1
144 silly idealTree ├── serve-static@1.14.1
144 silly idealTree ├── setprototypeof@1.1.1
144 silly idealTree ├── shell-escape@0.2.0
144 silly idealTree ├─┬ shelljs@0.7.8
144 silly idealTree │ └── glob@7.1.6
144 silly idealTree ├── sliced@1.0.1
144 silly idealTree ├── source-map@0.2.0
144 silly idealTree ├── spec-xunit-file@0.0.1-3
144 silly idealTree ├── sprintf-js@1.0.3
144 silly idealTree ├── statuses@1.5.0
144 silly idealTree ├── string_decoder@1.0.3
144 silly idealTree ├── strip-ansi@4.0.0
144 silly idealTree ├── superagent@2.3.0
144 silly idealTree ├── supports-color@3.2.3
144 silly idealTree ├── toidentifier@1.0.0
144 silly idealTree ├── type-check@0.3.2
144 silly idealTree ├── type-detect@1.0.0
144 silly idealTree ├── type-is@1.6.18
144 silly idealTree ├─┬ uglify-js@3.7.2
144 silly idealTree │ └── source-map@0.6.1
144 silly idealTree ├── unpipe@1.0.0
144 silly idealTree ├── util-deprecate@1.0.2
144 silly idealTree ├── utils-merge@1.0.1
144 silly idealTree ├── vary@1.1.2
144 silly idealTree ├── which@1.3.1
144 silly idealTree ├── word-wrap@1.2.3
144 silly idealTree ├── wordwrap@1.0.0
144 silly idealTree ├── wrappy@1.0.2
144 silly idealTree └── xml@1.0.1
145 silly generateActionsToTake Starting
146 silly install generateActionsToTake
147 silly generateActionsToTake Finishing
148 silly diffTrees action count 3
149 silly diffTrees add esprima@2.7.3
150 silly diffTrees add istanbul@0.4.5
151 silly diffTrees add jenkins-mocha@3.0.4
152 silly decomposeActions action count 24
153 silly decomposeActions fetch esprima@2.7.3
154 silly decomposeActions extract esprima@2.7.3
155 silly decomposeActions test esprima@2.7.3
156 silly decomposeActions preinstall esprima@2.7.3
157 silly decomposeActions build esprima@2.7.3
158 silly decomposeActions install esprima@2.7.3
159 silly decomposeActions postinstall esprima@2.7.3
160 silly decomposeActions finalize esprima@2.7.3
161 silly decomposeActions fetch istanbul@0.4.5
162 silly decomposeActions extract istanbul@0.4.5
163 silly decomposeActions test istanbul@0.4.5
164 silly decomposeActions preinstall istanbul@0.4.5
165 silly decomposeActions build istanbul@0.4.5
166 silly decomposeActions install istanbul@0.4.5
167 silly decomposeActions postinstall istanbul@0.4.5
168 silly decomposeActions finalize istanbul@0.4.5
169 silly decomposeActions fetch jenkins-mocha@3.0.4
170 silly decomposeActions extract jenkins-mocha@3.0.4
171 silly decomposeActions test jenkins-mocha@3.0.4
172 silly decomposeActions preinstall jenkins-mocha@3.0.4
173 silly decomposeActions build jenkins-mocha@3.0.4
174 silly decomposeActions install jenkins-mocha@3.0.4
175 silly decomposeActions postinstall jenkins-mocha@3.0.4
176 silly decomposeActions finalize jenkins-mocha@3.0.4
177 silly runTopLevelLifecycles Starting
178 silly install runPreinstallTopLevelLifecycles
179 silly preinstall solution-code@1.0.0 /home/ubuntu/app/solution-code-52d431cc
180 info lifecycle solution-code@1.0.0~preinstall: solution-code@1.0.0
181 silly lifecycle solution-code@1.0.0~preinstall: no script for preinstall, continuing
182 silly executeActions Starting
183 silly install executeActions
184 silly doSerial global-install 0
185 silly doParallel fetch 3
186 verbose correctMkdir /home/vagrant/.npm/_locks correctMkdir not in flight; initializing
187 verbose lock using /home/vagrant/.npm/_locks/staging-623bf7255a3d27c5.lock for /home/ubuntu/app/node_modules/.staging
188 silly doParallel extract 3
189 silly extract esprima@2.7.3
190 silly extract istanbul@0.4.5
191 silly extract jenkins-mocha@3.0.4
192 verbose unbuild node_modules/.staging/esprima-7b226238
193 verbose unbuild node_modules/.staging/istanbul-b61ed95c
194 verbose unbuild node_modules/.staging/jenkins-mocha-0f12e82d
195 silly gentlyRm /home/ubuntu/app/node_modules/.staging/esprima-7b226238 is being purged from base /home/ubuntu/app
196 verbose gentlyRm don't care about contents; nuking /home/ubuntu/app/node_modules/.staging/esprima-7b226238
197 silly gentlyRm /home/ubuntu/app/node_modules/.staging/istanbul-b61ed95c is being purged from base /home/ubuntu/app
198 verbose gentlyRm don't care about contents; nuking /home/ubuntu/app/node_modules/.staging/istanbul-b61ed95c
199 verbose tar unpack /home/vagrant/.npm/esprima/2.7.3/package.tgz
200 verbose tar unpacking to /home/ubuntu/app/node_modules/.staging/esprima-7b226238
201 silly gentlyRm /home/ubuntu/app/node_modules/.staging/esprima-7b226238 is being purged
202 verbose gentlyRm don't care about contents; nuking /home/ubuntu/app/node_modules/.staging/esprima-7b226238
203 verbose tar unpack /home/vagrant/.npm/istanbul/0.4.5/package.tgz
204 verbose tar unpacking to /home/ubuntu/app/node_modules/.staging/istanbul-b61ed95c
205 silly gentlyRm /home/ubuntu/app/node_modules/.staging/istanbul-b61ed95c is being purged
206 verbose gentlyRm don't care about contents; nuking /home/ubuntu/app/node_modules/.staging/istanbul-b61ed95c
207 silly gentlyRm /home/ubuntu/app/node_modules/.staging/jenkins-mocha-0f12e82d is being purged from base /home/ubuntu/app
208 verbose gentlyRm don't care about contents; nuking /home/ubuntu/app/node_modules/.staging/jenkins-mocha-0f12e82d
209 silly gunzTarPerm modes [ '755', '644' ]
210 silly gunzTarPerm modes [ '755', '644' ]
211 verbose tar unpack /home/vagrant/.npm/jenkins-mocha/3.0.4/package.tgz
212 verbose tar unpacking to /home/ubuntu/app/node_modules/.staging/jenkins-mocha-0f12e82d
213 silly gentlyRm /home/ubuntu/app/node_modules/.staging/jenkins-mocha-0f12e82d is being purged
214 verbose gentlyRm don't care about contents; nuking /home/ubuntu/app/node_modules/.staging/jenkins-mocha-0f12e82d
215 silly gunzTarPerm modes [ '755', '644' ]
216 silly gunzTarPerm extractEntry package.json
217 silly gunzTarPerm extractEntry package.json
218 silly gunzTarPerm extractEntry package.json
219 silly gunzTarPerm extractEntry README.md
220 silly gunzTarPerm extractEntry esprima.js
221 silly gunzTarPerm extractEntry README.md
222 silly gunzTarPerm extractEntry .npmignore
223 silly gunzTarPerm extractEntry README.md
224 silly gunzTarPerm extractEntry LICENSE
225 silly gunzTarPerm extractEntry ChangeLog
226 silly gunzTarPerm extractEntry index.js
227 silly gunzTarPerm extractEntry CHANGELOG.md
228 silly gunzTarPerm extractEntry LICENSE
229 silly gunzTarPerm extractEntry ci/coverage.sh
230 silly gunzTarPerm extractEntry LICENSE.BSD
231 silly gunzTarPerm extractEntry bin/esparse.js
232 silly gunzTarPerm extractEntry bin/esvalidate.js
233 silly gunzTarPerm extractEntry ci/publish.sh
234 silly gunzTarPerm extractEntry bin/jenkins.js
235 silly gunzTarPerm extractEntry lib/instrumenter.js
236 silly gunzTarPerm extractEntry lib/collector.js
237 silly gunzTarPerm extractEntry lib/jenkins.js
238 silly gunzTarPerm extractEntry screwdriver.yaml
239 silly gunzTarPerm extractEntry lib/config.js
240 silly gunzTarPerm extractEntry lib/hook.js
241 silly gunzTarPerm extractEntry test/jenkins.test.js
242 silly gunzTarPerm extractEntry lib/cli.js
243 silly gunzTarPerm extractEntry lib/object-utils.js
244 silly gunzTarPerm extractEntry lib/register-plugins.js
245 silly gunzTarPerm extractEntry lib/reporter.js
246 silly gunzTarPerm extractEntry lib/assets/sorter.js
247 silly gunzTarPerm extractEntry lib/assets/base.css
248 silly gunzTarPerm extractEntry lib/assets/sort-arrow-sprite.png
249 silly gunzTarPerm extractEntry lib/assets/vendor/prettify.js
250 silly gunzTarPerm extractEntry lib/assets/vendor/prettify.css
251 silly gunzTarPerm extractEntry lib/report/clover.js
252 silly gunzTarPerm extractEntry lib/report/html.js
253 silly gunzTarPerm extractEntry lib/report/index.js
254 silly gunzTarPerm extractEntry lib/report/json-summary.js
255 silly gunzTarPerm extractEntry lib/report/text-summary.js
256 silly gunzTarPerm extractEntry lib/report/cobertura.js
257 silly gentlyRm /home/ubuntu/app/node_modules/.staging/esprima-7b226238/node_modules is being purged
258 verbose gentlyRm don't care about contents; nuking /home/ubuntu/app/node_modules/.staging/esprima-7b226238/node_modules
259 silly gunzTarPerm extractEntry lib/report/lcovonly.js
260 silly gunzTarPerm extractEntry lib/report/none.js
261 silly gentlyRm /home/ubuntu/app/node_modules/.staging/jenkins-mocha-0f12e82d/node_modules is being purged
262 verbose gentlyRm don't care about contents; nuking /home/ubuntu/app/node_modules/.staging/jenkins-mocha-0f12e82d/node_modules
263 silly gunzTarPerm extractEntry lib/report/teamcity.js
264 silly gunzTarPerm extractEntry lib/report/text-lcov.js
265 silly gunzTarPerm extractEntry lib/report/json.js
266 silly gunzTarPerm extractEntry lib/report/text.js
267 silly gunzTarPerm extractEntry lib/report/lcov.js
268 silly gunzTarPerm extractEntry lib/report/templates/foot.txt
269 silly gunzTarPerm extractEntry lib/report/templates/head.txt
270 silly gunzTarPerm extractEntry lib/report/common/defaults.js
271 silly gunzTarPerm extractEntry lib/command/check-coverage.js
272 silly gunzTarPerm extractEntry lib/command/cover.js
273 silly gunzTarPerm extractEntry lib/command/help.js
274 silly gunzTarPerm extractEntry lib/command/index.js
275 silly gunzTarPerm extractEntry lib/command/instrument.js
276 silly gunzTarPerm extractEntry lib/command/report.js
277 silly gunzTarPerm extractEntry lib/command/test.js
278 silly gunzTarPerm extractEntry lib/command/common/run-with-cover.js
279 silly gunzTarPerm extractEntry lib/store/fslookup.js
280 silly gunzTarPerm extractEntry lib/store/index.js
281 silly gunzTarPerm extractEntry lib/store/memory.js
282 silly gunzTarPerm extractEntry lib/store/tmp.js
283 silly gunzTarPerm extractEntry lib/util/factory.js
284 silly gunzTarPerm extractEntry lib/util/file-matcher.js
285 silly gunzTarPerm extractEntry lib/util/file-writer.js
286 silly gunzTarPerm extractEntry lib/util/help-formatter.js
287 silly gunzTarPerm extractEntry lib/util/input-error.js
288 silly gunzTarPerm extractEntry lib/util/insertion-text.js
289 silly gunzTarPerm extractEntry lib/util/meta.js
290 silly gunzTarPerm extractEntry lib/util/tree-summarizer.js
291 silly gunzTarPerm extractEntry lib/util/writer.js
292 silly gunzTarPerm extractEntry lib/util/yui-load-hook.js
293 silly gentlyRm /home/ubuntu/app/node_modules/.staging/istanbul-b61ed95c/node_modules is being purged
294 verbose gentlyRm don't care about contents; nuking /home/ubuntu/app/node_modules/.staging/istanbul-b61ed95c/node_modules
295 silly doParallel preinstall 3
296 silly preinstall esprima@2.7.3 /home/ubuntu/app/node_modules/.staging/esprima-7b226238
297 info lifecycle esprima@2.7.3~preinstall: esprima@2.7.3
298 silly preinstall istanbul@0.4.5 /home/ubuntu/app/node_modules/.staging/istanbul-b61ed95c
299 info lifecycle istanbul@0.4.5~preinstall: istanbul@0.4.5
300 silly preinstall jenkins-mocha@3.0.4 /home/ubuntu/app/node_modules/.staging/jenkins-mocha-0f12e82d
301 info lifecycle jenkins-mocha@3.0.4~preinstall: jenkins-mocha@3.0.4
302 silly lifecycle istanbul@0.4.5~preinstall: no script for preinstall, continuing
303 silly lifecycle jenkins-mocha@3.0.4~preinstall: no script for preinstall, continuing
304 silly lifecycle esprima@2.7.3~preinstall: no script for preinstall, continuing
305 silly doReverseSerial remove 0
306 silly doSerial move 0
307 silly doSerial finalize 3
308 silly finalize /home/ubuntu/app/node_modules/esprima
309 silly finalize /home/ubuntu/app/node_modules/istanbul
310 silly finalize /home/ubuntu/app/node_modules/jenkins-mocha
311 silly doSerial build 3
312 silly build esprima@2.7.3
313 info linkStuff esprima@2.7.3
314 silly linkStuff esprima@2.7.3 has /home/ubuntu/app/node_modules as its parent node_modules
315 verbose linkBins esprima@2.7.3
316 verbose link bins [ { esparse: './bin/esparse.js',
316 verbose link bins     esvalidate: './bin/esvalidate.js' },
316 verbose link bins   '/home/ubuntu/app/node_modules/.bin',
316 verbose link bins   false ]
317 verbose linkMans esprima@2.7.3
318 silly gentlyRm /home/ubuntu/app/node_modules/.bin/esvalidate is being purged
319 verbose gentlyRm don't care about contents; nuking /home/ubuntu/app/node_modules/.bin/esvalidate
320 silly gentlyRm /home/ubuntu/app/node_modules/.bin/esparse is being purged
321 verbose gentlyRm don't care about contents; nuking /home/ubuntu/app/node_modules/.bin/esparse
322 verbose unlock done using /home/vagrant/.npm/_locks/staging-623bf7255a3d27c5.lock for /home/ubuntu/app/node_modules/.staging
323 silly rollbackFailedOptional Starting
324 silly rollbackFailedOptional Finishing
325 silly runTopLevelLifecycles Finishing
326 silly install printInstalled
327 warn solution-code@1.0.0 No repository field.
328 verbose If you need help, you may report this error at:
328 verbose     <https://github.com/npm/npm/issues>
329 verbose stack Error: EPROTO: protocol error, symlink '../esprima/bin/esvalidate.js' -> '/home/ubuntu/app/node_modules/.bin/esvalidate'
329 verbose stack     at Error (native)
330 verbose cwd /home/ubuntu/app
331 error Linux 4.4.0-157-generic
332 error argv "/usr/bin/node" "/usr/bin/npm" "install"
333 error node v6.17.1
334 error npm  v3.10.10
335 error path ../esprima/bin/esvalidate.js
336 error code EPROTO
337 error errno -71
338 error syscall symlink
339 error EPROTO: protocol error, symlink '../esprima/bin/esvalidate.js' -> '/home/ubuntu/app/node_modules/.bin/esvalidate'
340 error If you need help, you may report this error at:
340 error     <https://github.com/npm/npm/issues>
341 verbose exit [ -71, true ]
