[  0.000000] Initializing cgroup subsys cpuset
[    0.000000] Initializing cgroup subsys cpu
[    0.000000] Initializing cgroup subsys cpuacct
[    0.000000] Linux version 4.4.0-170-generic (buildd@lcy01-amd64-019) (gcc version 5.4.0 20160609 (Ubuntu 5.4.0-6ubuntu1~16.04.12) ) #199-Ubuntu SMP Thu Nov 14 01:45:04 UTC 2019 (Ubuntu 4.4.0-170.199-generic 4.4.200)
[    0.000000] Command line: BOOT_IMAGE=/boot/vmlinuz-4.4.0-170-generic root=LABEL=cloudimg-rootfs ro console=tty1 console=ttyS0
[    0.000000] KERNEL supported cpus:
[    0.000000]   Intel GenuineIntel
[    0.000000]   AMD AuthenticAMD
[    0.000000]   Centaur CentaurHauls
[    0.000000] x86/fpu: xstate_offset[2]:  576, xstate_sizes[2]:  256
[    0.000000] x86/fpu: Supporting XSAVE feature 0x01: 'x87 floating point registers'
[    0.000000] x86/fpu: Supporting XSAVE feature 0x02: 'SSE registers'
[    0.000000] x86/fpu: Supporting XSAVE feature 0x04: 'AVX registers'
[    0.000000] x86/fpu: Enabled xstate features 0x7, context size is 832 bytes, using 'standard' format.
[    0.000000] e820: BIOS-provided physical RAM map:
[    0.000000] BIOS-e820: [mem 0x0000000000000000-0x000000000009fbff] usable
[    0.000000] BIOS-e820: [mem 0x000000000009fc00-0x000000000009ffff] reserved
[    0.000000] BIOS-e820: [mem 0x00000000000f0000-0x00000000000fffff] reserved
[    0.000000] BIOS-e820: [mem 0x0000000000100000-0x000000003ffeffff] usable
[    0.000000] BIOS-e820: [mem 0x000000003fff0000-0x000000003fffffff] ACPI data
[    0.000000] BIOS-e820: [mem 0x00000000fec00000-0x00000000fec00fff] reserved
[    0.000000] BIOS-e820: [mem 0x00000000fee00000-0x00000000fee00fff] reserved
[    0.000000] BIOS-e820: [mem 0x00000000fffc0000-0x00000000ffffffff] reserved
[    0.000000] NX (Execute Disable) protection: active
[    0.000000] SMBIOS 2.5 present.
[    0.000000] Hypervisor detected: KVM
[  0.000000] e820: last_pfn = 0x3fff0 max_arch_pfn = 0x400000000
[    0.000000] MTRR: Disabled
[    0.000000] x86/PAT: MTRRs disabled, skipping PAT initialization too.
[    0.000000] CPU MTRRs all blank - virtualized system.
[    0.000000] x86/PAT: Configuration [0-7]: WB  WT  UC- UC  WB  WT  UC- UC  
[    0.000000] found SMP MP-table at [mem 0x0009fff0-0x0009ffff] mapped at [ffff88000009fff0]
[    0.000000] Scanning 1 areas for low memory corruption
[    0.000000] RAMDISK: [mem 0x362fa000-0x37174fff]
[    0.000000] ACPI: Early table checksum verification disabled
[    0.000000] ACPI: RSDP 0x00000000000E0000 000024 (v02 VBOX  )
[    0.000000] ACPI: XSDT 0x000000003FFF0030 00003C (v01 VBOX   VBOXXSDT 00000001 ASL  00000061)
[    0.000000] ACPI: FACP 0x000000003FFF00F0 0000F4 (v04 VBOX   VBOXFACP 00000001 ASL  00000061)
[    0.000000] ACPI: DSDT 0x000000003FFF0470 0021FF (v02 VBOX   VBOXBIOS 00000002 INTL 20100528)
[    0.000000] ACPI: FACS 0x000000003FFF0200 000040
[    0.000000] ACPI: FACS 0x000000003FFF0200 000040
[    0.000000] ACPI: APIC 0x000000003FFF0240 00005C (v02 VBOX   VBOXAPIC 00000001 ASL  00000061)
[    0.000000] ACPI: SSDT 0x000000003FFF02A0 0001CC (v01 VBOX   VBOXCPUT 00000002 INTL 20100528)
[    0.000000] No NUMA configuration found
[    0.000000] Faking a node at [mem 0x0000000000000000-0x000000003ffeffff]
[    0.000000] NODE_DATA(0) allocated [mem 0x3ffeb000-0x3ffeffff]
[    0.000000] kvm-clock: Using msrs 4b564d01 and 4b564d00
[    0.000000] kvm-clock: cpu 0, msr 0:3ffe3001, primary cpu clock
[    0.000000] kvm-clock: using sched offset of 3356356400 cycles
[    0.000000] clocksource: kvm-clock: mask: 0xffffffffffffffff max_cycles: 0x1cd42e4dffb, max_idle_ns: 881590591483 ns
[    0.000000] Zone ranges:
[    0.000000]   DMA      [mem 0x0000000000001000-0x0000000000ffffff]
[    0.000000]   DMA32    [mem 0x0000000001000000-0x000000003ffeffff]
[    0.000000]   Normal   empty
[    0.000000]   Device   empty
[    0.000000] Movable zone start for each node
[    0.000000] Early memory node ranges
[    0.000000]   node   0: [mem 0x0000000000001000-0x000000000009efff]
[    0.000000]   node   0: [mem 0x0000000000100000-0x000000003ffeffff]
[    0.000000] Initmem setup node 0 [mem 0x0000000000001000-0x000000003ffeffff]
[    0.000000] ACPI: PM-Timer IO Port: 0x4008
[    0.000000] IOAPIC[0]: apic_id 2, version 32, address 0xfec00000, GSI 0-23
[    0.000000] ACPI: INT_SRC_OVR (bus 0 bus_irq 0 global_irq 2 dfl dfl)
[    0.000000] ACPI: INT_SRC_OVR (bus 0 bus_irq 9 global_irq 9 low level)
[    0.000000] Using ACPI (MADT) for SMP configuration information
[    0.000000] smpboot: Allowing 2 CPUs, 0 hotplug CPUs
[    0.000000] PM: Registered nosave memory: [mem 0x00000000-0x00000fff]
[    0.000000] PM: Registered nosave memory: [mem 0x0009f000-0x0009ffff]
[    0.000000] PM: Registered nosave memory: [mem 0x000a0000-0x000effff]
[    0.000000] PM: Registered nosave memory: [mem 0x000f0000-0x000fffff]
[    0.000000] e820: [mem 0x40000000-0xfebfffff] available for PCI devices
[    0.000000] Booting paravirtualized kernel on KVM
[    0.000000] clocksource: refined-jiffies: mask: 0xffffffff max_cycles: 0xffffffff, max_idle_ns: 7645519600211568 ns
[    0.000000] setup_percpu: NR_CPUS:512 nr_cpumask_bits:512 nr_cpu_ids:2 nr_node_ids:1
[    0.000000] PERCPU: Embedded 33 pages/cpu @ffff88003fc00000 s95448 r8192 d31528 u1048576
[    0.000000] Built 1 zonelists in Node order, mobility grouping on.  Total pages: 257912
[    0.000000] Policy zone: DMA32
[    0.000000] Kernel command line: BOOT_IMAGE=/boot/vmlinuz-4.4.0-170-generic root=LABEL=cloudimg-rootfs ro console=tty1 console=ttyS0
[    0.000000] PID hash table entries: 4096 (order: 3, 32768 bytes)
[    0.000000] Memory: 997728K/1048120K available (8626K kernel code, 1336K rwdata, 4036K rodata, 1488K init, 1288K bss, 50392K reserved, 0K cma-reserved)
[    0.000000] SLUB: HWalign=64, Order=0-3, MinObjects=0, CPUs=2, Nodes=1
[    0.000000] Kernel/User page tables isolation: enabled
[    0.000000] Hierarchical RCU implementation.
[    0.000000] 	Build-time adjustment of leaf fanout to 64.
[    0.000000] 	RCU restricting CPUs from NR_CPUS=512 to nr_cpu_ids=2.
[    0.000000] RCU: Adjusting geometry for rcu_fanout_leaf=64, nr_cpu_ids=2
[    0.000000] NR_IRQS:33024 nr_irqs:440 16
[    0.000000] Console: colour VGA+ 80x25
[    0.000000] console [tty1] enabled
[    0.000000] console [ttyS0] enabled
[    0.000000] tsc: Detected 2712.002 MHz processor
[    0.197729] Calibrating delay loop (skipped) preset value.. 5424.00 BogoMIPS (lpj=10848008)
[    0.199300] pid_max: default: 32768 minimum: 301
[    0.200154] ACPI: Core revision 20150930
[    0.201783] ACPI: 2 ACPI AML tables successfully acquired and loaded
[    0.202975] Security Framework initialized
[    0.203760] Yama: becoming mindful.
[    0.204459] AppArmor: AppArmor initialized
[    0.205317] Dentry cache hash table entries: 131072 (order: 8, 1048576 bytes)
[    0.214977] Inode-cache hash table entries: 65536 (order: 7, 524288 bytes)
[    0.216201] Mount-cache hash table entries: 2048 (order: 2, 16384 bytes)
[    0.217685] Mountpoint-cache hash table entries: 2048 (order: 2, 16384 bytes)
[    0.229305] Initializing cgroup subsys io
[    0.230081] Initializing cgroup subsys memory
[    0.230890] Initializing cgroup subsys devices
[    0.231707] Initializing cgroup subsys freezer
[    0.232523] Initializing cgroup subsys net_cls
[    0.233369] Initializing cgroup subsys perf_event
[    0.234227] Initializing cgroup subsys net_prio
[    0.235056] Initializing cgroup subsys hugetlb
[    0.235872] Initializing cgroup subsys pids
[    0.238376] mce: CPU supports 0 MCE banks
[    0.239153] Last level iTLB entries: 4KB 64, 2MB 8, 4MB 8
[    0.240088] Last level dTLB entries: 4KB 64, 2MB 0, 4MB 0, 1GB 4
[    0.241100] Spectre V1 : Mitigation: usercopy/swapgs barriers and __user pointer sanitization
[    0.242653] Spectre V2 : Mitigation: Full generic retpoline
[    0.243615] Spectre V2 : Spectre v2 / SpectreRSB mitigation: Filling RSB on context switch
[    0.245116] Speculative Store Bypass: Vulnerable
[    0.246008] MDS: Vulnerable: Clear CPU buffers attempted, no microcode
[    0.249541] Freeing SMP alternatives memory: 36K
[    0.262716] ftrace: allocating 32302 entries in 127 pages
[    0.332826] smpboot: APIC(0) Converting physical 0 to logical package 0
[    0.422105] smpboot: Max logical packages: 1
[    0.430276] x2apic enabled
[    0.437736] Switched APIC routing to physical x2apic.
[    0.446696] ..TIMER: vector=0x30 apic1=0 pin1=2 apic2=-1 pin2=-1
[    0.555823] smpboot: CPU0: Intel(R) Core(TM) i5-7200U CPU @ 2.50GHz (family: 0x6, model: 0x8e, stepping: 0x9)
[    0.557838] Performance Events: unsupported p6 CPU model 142 no PMU driver, software events only.
[    0.567767] KVM setup paravirtual spinlock
[    0.643968] x86: Booting SMP configuration:
[    0.651541] .... node  #0, CPUs:      #1
[    0.672364] kvm-clock: cpu 1, msr 0:3ffe3041, secondary cpu clock
[    0.688234] mce: CPU supports 0 MCE banks
[    0.690862] x86: Booted up 1 node, 2 CPUs
[    0.691844] smpboot: Total of 2 processors activated (10848.00 BogoMIPS)
[    0.693386] devtmpfs: initialized
[    0.695847] evm: security.selinux
[    0.696578] evm: security.SMACK64
[    0.697255] evm: security.SMACK64EXEC
[    0.697984] evm: security.SMACK64TRANSMUTE
[    0.698763] evm: security.SMACK64MMAP
[    0.699510] evm: security.ima
[    0.700140] evm: security.capability
[    0.700990] clocksource: jiffies: mask: 0xffffffff max_cycles: 0xffffffff, max_idle_ns: 7645041785100000 ns
[    0.702719] futex hash table entries: 512 (order: 3, 32768 bytes)
[    0.703869] pinctrl core: initialized pinctrl subsystem
[    0.704950] RTC time: 11:48:53, date: 12/17/19
[    0.705925] NET: Registered protocol family 16
[    0.717019] cpuidle: using governor ladder
[    0.730848] cpuidle: using governor menu
[    0.731969] PCCT header not found.
[    0.790403] ACPI: bus type PCI registered
[    0.796680] acpiphp: ACPI Hot Plug PCI Controller Driver version: 0.5
[    0.804910] PCI: Using configuration type 1 for base access
[    0.826949] ACPI: Added _OSI(Module Device)
[    0.828193] ACPI: Added _OSI(Processor Device)
[    0.842274] ACPI: Added _OSI(3.0 _SCP Extensions)
[    0.848562] ACPI: Added _OSI(Processor Aggregator Device)
[    0.875913] ACPI: Executed 1 blocks of module-level executable AML code
[    0.886029] ACPI: Interpreter enabled
[    0.886931] ACPI: (supports S0 S5)
[    0.887860] ACPI: Using IOAPIC for interrupt routing
[    0.889232] PCI: Using host bridge windows from ACPI; if necessary, use "pci=nocrs" and report a bug
[    0.894600] ACPI: PCI Root Bridge [PCI0] (domain 0000 [bus 00-ff])
[    0.896083] acpi PNP0A03:00: _OSC: OS supports [ASPM ClockPM Segments MSI]
[    0.898185] acpi PNP0A03:00: _OSC: not requesting OS control; OS requires [ExtendedConfig ASPM ClockPM MSI]
[    0.900915] acpi PNP0A03:00: fail to add MMCONFIG information, can't access extended PCI configuration space under this bridge.
[    0.904717] PCI host bridge to bus 0000:00
[    0.906038] pci_bus 0000:00: root bus resource [io  0x0000-0x0cf7 window]
[    0.907979] pci_bus 0000:00: root bus resource [io  0x0d00-0xffff window]
[    0.909945] pci_bus 0000:00: root bus resource [mem 0x000a0000-0x000bffff window]
[    0.912517] pci_bus 0000:00: root bus resource [mem 0x40000000-0xfdffffff window]
[    0.915057] pci_bus 0000:00: root bus resource [bus 00-ff]
[    0.919371] pci 0000:00:01.1: legacy IDE quirk: reg 0x10: [io  0x01f0-0x01f7]
[    0.921285] pci 0000:00:01.1: legacy IDE quirk: reg 0x14: [io  0x03f6]
[    0.923191] pci 0000:00:01.1: legacy IDE quirk: reg 0x18: [io  0x0170-0x0177]
[    0.925244] pci 0000:00:01.1: legacy IDE quirk: reg 0x1c: [io  0x0376]
[    0.968770] pci 0000:00:07.0: quirk: [io  0x4000-0x403f] claimed by PIIX4 ACPI
[    0.971227] pci 0000:00:07.0: quirk: [io  0x4100-0x410f] claimed by PIIX4 SMB
[    0.988384] ACPI: PCI Interrupt Link [LNKA] (IRQs 5 9 10 *11)
[    0.990958] ACPI: PCI Interrupt Link [LNKB] (IRQs 5 9 *10 11)
[    0.995006] ACPI: PCI Interrupt Link [LNKC] (IRQs 5 *9 10 11)
[    0.998811] ACPI: PCI Interrupt Link [LNKD] (IRQs 5 9 10 *11)
[    1.001122] ACPI: Enabled 2 GPEs in block 00 to 07
[    1.002898] vgaarb: setting as boot device: PCI:0000:00:02.0
[    1.004504] vgaarb: device added: PCI:0000:00:02.0,decodes=io+mem,owns=io+mem,locks=none
[    1.007021] vgaarb: loaded
[    1.012801] vgaarb: bridge control possible 0000:00:02.0
[    1.014220] SCSI subsystem initialized
[    1.015238] ACPI: bus type USB registered
[    1.018957] usbcore: registered new interface driver usbfs
[    1.020861] usbcore: registered new interface driver hub
[    1.022803] usbcore: registered new device driver usb
[    1.024599] PCI: Using ACPI for IRQ routing
[    1.026578] NetLabel: Initializing
[    1.027878] NetLabel:  domain hash size = 128
[    1.029273] NetLabel:  protocols = UNLABELED CIPSOv4
[    1.033404] NetLabel:  unlabeled traffic allowed by default
[    1.035308] amd_nb: Cannot enumerate AMD northbridges
[    1.036979] clocksource: Switched to clocksource kvm-clock
[    1.051792] AppArmor: AppArmor Filesystem Enabled
[    1.053325] pnp: PnP ACPI init
[    1.055091] pnp: PnP ACPI: found 3 devices
[    1.066822] clocksource: acpi_pm: mask: 0xffffff max_cycles: 0xffffff, max_idle_ns: 2085701024 ns
[    1.068812] NET: Registered protocol family 2
[    1.070040] TCP established hash table entries: 8192 (order: 4, 65536 bytes)
[    1.071228] TCP bind hash table entries: 8192 (order: 5, 131072 bytes)
[    1.072335] TCP: Hash tables configured (established 8192 bind 8192)
[    1.073454] UDP hash table entries: 512 (order: 2, 16384 bytes)
[    1.074507] UDP-Lite hash table entries: 512 (order: 2, 16384 bytes)
[    1.075613] NET: Registered protocol family 1
[    1.076442] pci 0000:00:00.0: Limiting direct PCI/PCI transfers
[    1.077638] pci 0000:00:01.0: Activating ISA DMA hang workarounds
[    1.078826] Unpacking initramfs...
[    1.303312] Freeing initrd memory: 14828K
[    1.322663] clocksource: tsc: mask: 0xffffffffffffffff max_cycles: 0x2717880cafa, max_idle_ns: 440795252614 ns
[    1.324471] platform rtc_cmos: registered platform RTC device (no PNP device found)
[    1.325993] Scanning for low memory corruption every 60 seconds
[    1.327421] audit: initializing netlink subsys (disabled)
[    1.328650] audit: type=2000 audit(1576583338.160:1): initialized
[    1.329953] Initialise system trusted keyring
[    1.330966] HugeTLB registered 2 MB page size, pre-allocated 0 pages
[    1.333241] zbud: loaded
[    1.334135] VFS: Disk quotas dquot_6.6.0
[    1.334926] VFS: Dquot-cache hash table entries: 512 (order 0, 4096 bytes)
[    1.336272] squashfs: version 4.0 (2009/01/31) Phillip Lougher
[    1.337516] fuse init (API version 7.23)
[    1.338422] Key type big_key registered
[    1.339230] Allocating IMA MOK and blacklist keyrings.
[    1.341243] Key type asymmetric registered
[    1.342046] Asymmetric key parser 'x509' registered
[    1.342972] Block layer SCSI generic (bsg) driver version 0.4 loaded (major 249)
[    1.344463] io scheduler noop registered
[    1.345224] io scheduler deadline registered (default)
[    1.346194] io scheduler cfq registered
[    1.347030] pci_hotplug: PCI Hot Plug PCI Core version: 0.5
[    1.348012] pciehp: PCI Express Hot Plug Controller Driver version: 0.4
[    1.349324] ACPI: AC Adapter [AC] (on-line)
[    1.350177] input: Power Button as /devices/LNXSYSTM:00/LNXPWRBN:00/input/input0
[    1.351591] ACPI: Power Button [PWRF]
[    1.352376] input: Sleep Button as /devices/LNXSYSTM:00/LNXSLPBN:00/input/input1
[    1.353803] ACPI: Sleep Button [SLPF]
[    1.355276] ACPI: Battery Slot [BAT0] (battery present)
[    1.356233] GHES: HEST is not enabled!
[    1.357061] Serial: 8250/16550 driver, 32 ports, IRQ sharing enabled
[    1.380366] 00:02: ttyS0 at I/O 0x3f8 (irq = 4, base_baud = 115200) is a 16550A
[    1.382770] Linux agpgart interface v0.103
[    1.384943] loop: module loaded
[    1.386142] scsi host0: ata_piix
[    1.387027] scsi host1: ata_piix
[    1.387746] ata1: PATA max UDMA/33 cmd 0x1f0 ctl 0x3f6 bmdma 0xd000 irq 14
[    1.388955] ata2: PATA max UDMA/33 cmd 0x170 ctl 0x376 bmdma 0xd008 irq 15
[    1.390227] libphy: Fixed MDIO Bus: probed
[    1.391208] tun: Universal TUN/TAP device driver, 1.6
[    1.392133] tun: (C) 1999-2004 Max Krasnyansky <maxk@qualcomm.com>
[    1.393274] PPP generic driver version 2.4.2
[    1.394167] ehci_hcd: USB 2.0 'Enhanced' Host Controller (EHCI) Driver
[    1.395278] ehci-pci: EHCI PCI platform driver
[    1.396116] ehci-platform: EHCI generic platform driver
[    1.397079] ohci_hcd: USB 1.1 'Open' Host Controller (OHCI) Driver
[    1.398144] ohci-pci: OHCI PCI platform driver
[    1.398979] ohci-platform: OHCI generic platform driver
[    1.399928] uhci_hcd: USB Universal Host Controller Interface driver
[    1.401099] i8042: PNP: PS/2 Controller [PNP0303:PS2K,PNP0f03:PS2M] at 0x60,0x64 irq 1,12
[    1.403165] serio: i8042 KBD port at 0x60,0x64 irq 1
[    1.404089] serio: i8042 AUX port at 0x60,0x64 irq 12
[    1.447741] mousedev: PS/2 mouse device common for all mice
[    1.449297] input: AT Translated Set 2 keyboard as /devices/platform/i8042/serio0/input/input2
[    1.451028] rtc_cmos rtc_cmos: rtc core: registered rtc_cmos as rtc0
[    1.452162] rtc_cmos rtc_cmos: alarms up to one day, 114 bytes nvram
[    1.453252] i2c /dev entries driver
[    1.454041] device-mapper: uevent: version 1.0.3
[    1.454947] device-mapper: ioctl: 4.34.0-ioctl (2015-10-28) initialised: dm-devel@redhat.com
[    1.456506] ledtrig-cpu: registered to indicate activity on CPUs
[    1.458356] NET: Registered protocol family 10
[    1.466593] NET: Registered protocol family 17
[    1.476157] Key type dns_resolver registered
[    1.479251] registered taskstats version 1
[    1.494464] Loading compiled-in X.509 certificates
[    1.495891] Loaded X.509 cert 'Build time autogenerated kernel key: f0e56e97f406068ace47a9bf54316e9855aaaa43'
[    1.497999] zswap: loaded using pool lzo/zbud
[    1.506983] Key type trusted registered
[    1.523945] Key type encrypted registered
[    1.531722] AppArmor: AppArmor sha1 policy hashing enabled
[    1.539782] ima: No TPM chip found, activating TPM-bypass!
[    1.548576] ima: Allocated hash algorithm: sha1
[    1.556225] evm: HMAC attrs: 0x1
[    1.559254]   Magic number: 15:268:833
[    1.573753] rtc_cmos rtc_cmos: setting system clock to 2019-12-17 11:48:53 UTC (1576583333)
[    1.595268] BIOS EDD facility v0.16 2004-Jun-25, 0 devices found
[    1.604311] EDD information not available.
[    1.613959] Freeing unused kernel memory: 1488K
[    1.633668] Write protecting the kernel read-only data: 14336k
[    1.641897] Freeing unused kernel memory: 1604K
[    1.650220] Freeing unused kernel memory: 60K
Loading, please wait...
starting version[    1.687503] random: systemd-udevd: uninitialized urandom read (16 bytes read, 3 bits of entropy available)
 229
[    1.688121] random: udevadm: uninitialized urandom read (16 bytes read, 3 bits of entropy available)
[    1.688140] random: udevadm: uninitialized urandom read (16 bytes read, 3 bits of entropy available)
[    1.695940] random: udevadm: uninitialized urandom read (16 bytes read, 3 bits of entropy available)
[    1.695978] random: udevadm: uninitialized urandom read (16 bytes read, 3 bits of entropy available)
[    1.696088] random: udevadm: uninitialized urandom read (16 bytes read, 3 bits of entropy available)
[    1.696127] random: udevadm: uninitialized urandom read (16 bytes read, 3 bits of entropy available)
[    1.696166] random: udevadm: uninitialized urandom read (16 bytes read, 3 bits of entropy available)
[    1.696207] random: udevadm: uninitialized urandom read (16 bytes read, 3 bits of entropy available)
[    1.696245] random: udevadm: uninitialized urandom read (16 bytes read, 3 bits of entropy available)
[    1.823910] e1000: Intel(R) PRO/1000 Network Driver - version 7.3.21-k8-NAPI
[    1.831266] e1000: Copyright (c) 1999-2006 Intel Corporation.
[    1.835170] Fusion MPT base driver 3.04.20
[    1.836032] Copyright (c) 1999-2008 LSI Corporation
[    1.851772] AVX2 version of gcm_enc/dec engaged.
[    1.859597] AES CTR mode by8 optimization enabled
[    1.860326] Fusion MPT SPI Host driver 3.04.20
[    2.040205] input: ImExPS/2 Generic Explorer Mouse as /devices/platform/i8042/serio1/input/input4
[    2.231220] e1000 0000:00:03.0 eth0: (PCI:33MHz:32-bit) 02:dd:45:a7:5d:a0
[    2.232441] e1000 0000:00:03.0 eth0: Intel(R) PRO/1000 Network Connection
[    2.234271] mptbase: ioc0: Initiating bringup
[    2.374366] ioc0: LSI53C1030 A0: Capabilities={Initiator}
[    3.969636] scsi host2: ioc0: LSI53C1030 A0, FwRev=00000000h, Ports=1, MaxQ=256, IRQ=20
[    4.271494] scsi 2:0:0:0: Direct-Access     VBOX     HARDDISK         1.0  PQ: 0 ANSI: 5
[    4.273524] scsi target2:0:0: Beginning Domain Validation
[    4.277040] scsi target2:0:0: Domain Validation skipping write tests
[    4.385960] scsi target2:0:0: Ending Domain Validation
[    4.407906] scsi target2:0:0: asynchronous
[    4.413324] scsi 2:0:1:0: Direct-Access     VBOX     HARDDISK         1.0  PQ: 0 ANSI: 5
[    4.416026] scsi target2:0:1: Beginning Domain Validation
[    4.419607] scsi target2:0:1: Domain Validation skipping write tests
[    4.421225] scsi target2:0:1: Ending Domain Validation
[    4.422747] scsi target2:0:1: asynchronous
[    4.445979] sd 2:0:0:0: Attached scsi generic sg0 type 0
[    4.450555] sd 2:0:0:0: [sda] 20971520 512-byte logical blocks: (10.7 GB/10.0 GiB)
[    4.450696] sd 2:0:0:0: [sda] Write Protect is off
[    4.450826] sd 2:0:0:0: [sda] Incomplete mode parameter data
[    4.450828] sd 2:0:0:0: [sda] Assuming drive cache: write through
[    4.495964] sd 2:0:1:0: Attached scsi generic sg1 type 0
[    4.498439] sd 2:0:1:0: [sdb] 20480 512-byte logical blocks: (10.5 MB/10.0 MiB)
[    4.501259] sd 2:0:1:0: [sdb] Write Protect is off
[    4.507917] sd 2:0:1:0: [sdb] Incomplete mode parameter data
[    4.520894] sd 2:0:1:0: [sdb] Assuming drive cache: write through
[    4.522326]  sda: sda1
[    4.524789] sd 2:0:0:0: [sda] Attached SCSI disk
[    4.534395] sd 2:0:1:0: [sdb] Attached SCSI disk
[    4.762585] e1000 0000:00:08.0 eth1: (PCI:33MHz:32-bit) 08:00:27:77:38:c8
[    4.777279] e1000 0000:00:08.0 eth1: Intel(R) PRO/1000 Network Connection
[    4.779182] e1000 0000:00:03.0 enp0s3: renamed from eth0
[    4.809156] e1000 0000:00:08.0 enp0s8: renamed from eth1
Begin: Loading e[    6.133223] md: linear personality registered for level -1
ssential drivers ... [    6.258499] md: multipath personality registered for level -4
[    6.298123] md: raid0 personality registered for level 0
[    6.375482] md: raid1 personality registered for level 1
[    6.445080] raid6: sse2x1   gen()  8136 MB/s
[    6.513029] raid6: sse2x1   xor()  8000 MB/s
[    6.621365] raid6: sse2x2   gen() 12792 MB/s
[    6.689194] raid6: sse2x2   xor()  8713 MB/s
[    6.769235] raid6: sse2x4   gen() 10109 MB/s
[    6.837089] raid6: sse2x4   xor()  7299 MB/s
[    6.905438] raid6: avx2x1   gen() 20500 MB/s
[    7.101236] raid6: avx2x2   gen() 23762 MB/s
[    7.177318] raid6: avx2x4   gen() 25982 MB/s
[    7.178360] raid6: using algorithm avx2x4 gen() 25982 MB/s
[    7.194061] raid6: using avx2x2 recovery algorithm
[    7.233920] xor: automatically using best checksumming function:
[    7.281258]    avx       : 25262.000 MB/sec
[    7.283198] async_tx: api initialized (async)
[    7.294235] md: raid6 personality registered for level 6
[    7.295383] md: raid5 personality registered for level 5
[    7.296505] md: raid4 personality registered for level 4
[    7.310151] md: raid10 personality registered for level 10
done.
Begin: Running /scripts/init-premount ... done.
Begin: Mounting root file system ... Begin: Running /scripts/local-top ... done.
Begin: Running /scripts/local-[    7.339815] Btrfs loaded
premount ... Scanning for Btrfs filesystems
done.
Warning: fsck no[    7.418611] EXT4-fs (sda1): INFO: recovery required on readonly filesystem
t present, so sk[    7.427797] EXT4-fs (sda1): write access will be enabled during recovery
ipping root file system
[    7.493410] EXT4-fs (sda1): recovery complete
[    7.494614] EXT4-fs (sda1): mounted filesystem with ordered data mode. Opts: (null)
done.
Begin: Running /scripts/local-bottom ... done.
Begin: Running /scripts/init-bottom ... done.
[    7.613348] systemd[1]: systemd 229 running in system mode. (+PAM +AUDIT +SELINUX +IMA +APPARMOR +SMACK +SYSVINIT +UTMP +LIBCRYPTSETUP +GCRYPT +GNUTLS +ACL +XZ -LZ4 +SECCOMP +BLKID +ELFUTILS +KMOD -IDN)
[    7.616422] systemd[1]: Detected virtualization oracle.
[    7.617362] systemd[1]: Detected architecture x86-64.

Welcome to [1mUbuntu 16.04.6 LTS[0m!

[    7.622727] systemd[1]: Set hostname to <ubuntu-xenial>.
[    7.849583] systemd[1]: Listening on Journal Audit Socket.
[[0;32m  OK  [0m] Listening on Journal Audit Socket.
[    7.852637] systemd[1]: Reached target User and Group Name Lookups.
[[0;32m  OK  [0m] Reached target User and Group Name Lookups.
[    7.855248] systemd[1]: Listening on Syslog Socket.
[[0;32m  OK  [0m] Listening on Syslog Socket.
[    7.865831] systemd[1]: Created slice User and Session Slice.
[[0;32m  OK  [0m] Created slice User and Session Slice.
[    7.925474] systemd[1]: Reached target Swap.
[[0;32m  OK  [0m] Reached target Swap.
[    7.928038] systemd[1]: Created slice System Slice.
[[0;32m  OK  [0m] Created slice System Slice.
[    7.950804] systemd[1]: Created slice system-serial\x2dgetty.slice.
[[0;32m  OK  [0m] Created slice system-serial\x2dgetty.slice.
[    7.972441] systemd[1]: Started Trigger resolvconf update for networkd DNS.
[[0;32m  OK  [0m] Started Trigger resolvconf update for networkd DNS.
[    8.025389] systemd[1]: Listening on Device-mapper event daemon FIFOs.
[[0;32m  OK  [0m] Listening on Device-mapper event daemon FIFOs.
[    8.274228] systemd[1]: Started Forward Password Requests to Wall Directory Watch.
[[0;32m  OK  [0m] Started Forward Password Requests to Wall Directory Watch.
[    8.353407] systemd[1]: Listening on LVM2 poll daemon socket.
[[0;32m  OK  [0m] Listening on LVM2 poll daemon socket.
[    8.362866] systemd[1]: Set up automount Arbitrary Executable File Formats File System Automount Point.
[[0;32m  OK  [0m] Set up automount Arbitrary Executab...ats File System Automount Point.
[    8.402205] systemd[1]: Listening on /dev/initctl Compatibility Named Pipe.
[[0;32m  OK  [0m] Listening on /dev/initctl Compatibility Named Pipe.
[    8.421040] systemd[1]: Listening on udev Control Socket.
[[0;32m  OK  [0m] Listening on udev Control Socket.
[    8.431322] systemd[1]: Reached target Slices.
[[0;32m  OK  [0m] Reached target Slices.
[    8.439850] systemd[1]: Listening on Journal Socket (/dev/log).
[[0;32m  OK  [0m] Listening on Journal Socket (/dev/log).
[    8.453729] systemd[1]: Reached target System Time Synchronized.
[[0;32m  OK  [0m] Reached target System Time Synchronized.
[    8.462929] systemd[1]: Listening on udev Kernel Socket.
[[0;32m  OK  [0m] Listening on udev Kernel Socket.
[    8.475335] systemd[1]: Listening on LVM2 metadata daemon socket.
[[0;32m  OK  [0m] Listening on LVM2 metadata daemon socket.
[    8.477866] systemd[1]: Reached target Encrypted Volumes.
[[0;32m  OK  [0m] Reached target Encrypted Volumes.
[    8.501617] systemd[1]: Listening on Journal Socket.
[[0;32m  OK  [0m] Listening on Journal Socket.
[    8.537529] systemd[1]: Starting Nameserver information manager...
         Starting Nameserver information manager...
[    8.577573] systemd[1]: Mounting POSIX Message Queue File System...
         Mounting POSIX Message Queue File System...
[    8.614927] systemd[1]: Mounting Huge Pages File System...
         Mounting Huge Pages File System...
[    8.705338] systemd[1]: Mounting Debug File System...
         Mounting Debug File System...
[    8.769210] systemd[1]: Starting Journal Service...
         Starting Journal Service...
[    8.817457] systemd[1]: Starting Create list of required static device nodes for the current kernel...
         Starting Create list of required st... nodes for the current kernel...
[    8.836267] random: nonblocking pool is initialized
[    8.940383] systemd[1]: Starting Load Kernel Modules...
[    8.954122] Loading iSCSI transport class v2.0-870.
         Startin[    8.963140] iscsi: registered transport (tcp)
g Load Kernel Modules...
[    9.012526] systemd[1]: Starting Monitoring of LVM2 mirrors, snapshots etc. using dmeventd or progress polling...
         Starting Monitoring of LVM2 mirrors... dmeventd or progress polling...
[    9.041751] systemd[1]: Starting Remount Root and Kernel File Systems...
         Startin[    9.049751] EXT4-fs (sda1): re-mounted. Opts: (null)
g Remount Root and Kernel File Systems...
[    9.054460] systemd[1]: Starting Set console keymap...
         Starting Set console ke[    9.059805] iscsi: registered transport (iser)
ymap...
[    9.089090] systemd[1]: Starting Uncomplicated firewall...
         Starting Uncomplicated firewall...
[    9.101944] systemd[1]: Mounted POSIX Message Queue File System.
[[0;32m  OK  [0m] Mounted POSIX Message Queue File System.
[    9.137610] systemd[1]: Mounted Debug File System.
[[0;32m  OK  [0m] Mounted Debug File System.
[    9.149532] systemd[1]: Mounted Huge Pages File System.
[[0;32m  OK  [0m] Mounted Huge Pages File System.
[    9.151472] systemd[1]: Started Journal Service.
[[0;32m  OK  [0m] Started Journal Service.
[[0;32m  OK  [0m] Started Create list of required sta...ce nodes for the current kernel.
[[0;32m  OK  [0m] Started Load Kernel Modules.
[[0;32m  OK  [0m] Started Remount Root and Kernel File Systems.
[[0;32m  OK  [0m] Started Set console keymap.
[[0;32m  OK  [0m] Started Uncomplicated firewall.
[[0;32m  OK  [0m] Started Nameserver information manager.
[[0;32m  OK  [0m] Started LVM2 metadata daemon.
         Starting udev Coldplug all Devices...
         Starting Load/Save Random Seed...
         Starting Apply Kernel Variables...
         Mounting FUSE Control File System...
         Starting Create Static Device Nodes in /dev...
         Starting Flush Journal to Persistent Storage...
[[0;32m  OK  [0m] Mounted FUSE Control File System.
[[0;32m  OK  [0m] Started Monitoring of LVM2 mirrors,...ng dmeventd or progress polling.
[[0;32m  OK  [0m] Started Load/Save Random Seed.
[[0;32m  OK  [0m] Started Apply Kernel Variables.
[[0;32m  OK  [0m] Started Create Static Device Nodes in /dev.
[[0;32m  OK  [0m] Started udev Coldplug all Devices.
         Starting udev Kernel Device Manager...
[[0;32m  OK  [0m] Reached target Local File Systems (Pre).
[[0;32m  OK  [0m] Reached target Local File Systems.
         Starting Initial cloud-init job (pre-networking)...
         Starting LSB: AppArmor initialization...
         Starting Tell Plymouth To Write Out Runtime Data...
         Starting Set console font and keymap...
[[0;32m  OK  [0m] Started udev Kernel Device Manager.
[[0;32m  OK  [0m] Started Flush Journal to Persistent Storage.
[[0;32m  OK  [0m] Started Tell Plymouth To Write Out Runtime Data.
         Starting Create Volatile Files and Directories...
[[0;32m  OK  [0m] Started Dispatch Password Requests to Console Directory Watch.
[[0;32m  OK  [0m] Started Create Volatile Files and Directories.
[[0;32m  OK  [0m] Found device /dev/ttyS0.
[[0;32m  OK  [0m] Listening on Load/Save RF Kill Switch Status /dev/rfkill Watch.
         Starting Update UTMP about System Boot/Shutdown...
[[0;32m  OK  [0m] Started LSB: AppArmor initialization.
[[0;32m  OK  [0m] Started Update UTMP about System Boot/Shutdown.
[[0;32m  OK  [0m] Found device 82540EM Gigabit Ethern...r (PRO/1000 MT Desktop Adapter).
[[0;32m  OK  [0m] Found device 82540EM Gigabit Ethern...r (PRO/1000 MT Desktop Adapter).
[   10.959974] cloud-init[466]: Cloud-init v. 19.3-41-gc4735dd3-0ubuntu1~16.04.1 running 'init-local' at Tue, 17 Dec 2019 11:49:03 +0000. Up 10.64 seconds.
[[0;32m  OK  [0m] Started Initial cloud-init job (pre-networking).
[[0;32m  OK  [0m] Reached target Network (Pre).
[[0;32m  OK  [0m] Started ifup for enp0s3.
[[0;32m  OK  [0m] Started ifup for enp0s8.
         Starting Raise network interfaces...
[[0;32m  OK  [0m] Started Set console font and keymap.
[[0;32m  OK  [0m] Created slice system-getty.slice.
[[0;32m  OK  [0m] Started Raise network interfaces.
[[0;32m  OK  [0m] Reached target Network.
         Starting Initial cloud-init job (metadata service crawler)...
[   11.798696] cloud-init[1072]: Cloud-init v. 19.3-41-gc4735dd3-0ubuntu1~16.04.1 running 'init' at Tue, 17 Dec 2019 11:49:03 +0000. Up 11.49 seconds.
[   11.811359] cloud-init[1072]: ci-info: ++++++++++++++++++++++++++++++++++++++Net device info+++++++++++++++++++++++++++++++++++++++
[   11.814304] cloud-init[1072]: ci-info: +--------+------+-----------------------------+---------------+--------+-------------------+
[   11.817130] cloud-init[1072]: ci-info: | Device |  Up  |           Address           |      Mask     | Scope  |     Hw-Address    |
[   11.821535] cloud-init[1072]: ci-info: +--------+------+-----------------------------+---------------+--------+-------------------+
[   11.831486] cloud-init[1072]: ci-info: | enp0s3 | True |          10.0.2.15          | 255.255.255.0 | global | 02:dd:45:a7:5d:a0 |
[   11.869181] [[0;32m  OK  [0m] Started Initial cloud-init job (metadata service crawler).
[[0;32m  OK  [0m] Reached target Cloud-config availability.
cloud-init[1072]: ci-info: | enp0s3 | True |  fe80::dd:45ff:fea7:5da0/64 |       .       |  link  | 02:dd:45:a7:5d:a0 |
[   11.890683] [[0;32m  OK  [0m] Reached target System Initialization.
[[0;32m  OK  [0m] Listening on D-Bus System Message Bus Socket.
         Starting Socket activation for snappy daemon.
[[0;32m  OK  [0m] Started Daily Cleanup of Temporary Directories.
[[0;32m  OK  [0m] Listening on UUID daemon activation socket.
cloud-init[1072]: ci-info: | enp0s8 | True |        192.168.10.150       | 255.255.255.0 | global | 08:00:27:77:38:c8 |
[   11.909056] cloud-init[1072]: ci-info: | enp0s8 | True | fe80::a00:27ff:fe77:38c8/64 |       .       |  link  | 08:00:27:77:38:c8 |
[   11.911655] cloud-init[1072]: ci-info: |   lo   | True |          127.0.0.1          |   255.0.0.0   |  host  |         .         |
[   11.956310] cloud-init[1072]: ci-info: |   lo   | True |           ::1/128           |       .       |  host  |         .         |
         Starting LXD - unix socket.
[   11.962964] cloud-init[1072]: ci-info: +--------+------+-----------------------------+---------------+--------+-------------------+
[   11.997913] cloud-init[1072]: ci-info: ++++++++++++++++++++++++++++Route IPv4 info++++++++++++++++++++++++++++
[   12.000232] cloud-init[1072]: ci-info: +-------+--------------+----------+---------------+-----------+-------+
[[0;32m  OK  [0m] Started Daily apt download activities.
[[0;32m  OK  [0m] Listening on ACPID Listen Socket.
[[0;32m  OK  [0m] Started Message of the Day.
[   12.006426] cloud-init[1072]: ci-info: | Route | Destination  | Gateway  |    Genmask    | Interface | Flags |
[   12.094944] cloud-init[1072]: ci-info: +-------+--------------+----------+---------------+-----------+-------+
[[0;32m  OK  [0m] Started Daily apt upgrade and clean activities.
[[0;32m  OK  [0m] Reached target Timers.
[   12.101518] cloud-init[1072]: ci-info: |   0   |   0.0.0.0    | 10.0.2.2 |    0.0.0.0    |   enp0s3  |   UG  |
[   12.123003] cloud-init[1072]: ci-info: |   1   |   10.0.2.0   | 0.0.0.0  | 255.255.255.0 |   enp0s3  |   U   |
[   12.124921] cloud-init[1072]: ci-info: |   2   | 192.168.10.0 | 0.0.0.0  | 255.255.255.0 |   enp0s8  |   U   |
[   12.148489] cloud-init[1072]: ci-info: +-------+--------------+----------+---------------+-----------+-------+
[   12.159660] cloud-init[1072]: ci-info: +++++++++++++++++++Route IPv6 info+++++++++++++++++++
[   12.161393] cloud-init[1072]: ci-info: +-------+-------------+---------+-----------+-------+
[[0;32m  OK  [0m] Started ACPI Events Check.
[[0;32m  OK  [0m] Reached target Paths.
[[0;32m  OK  [0m] Reached target Network is Online.
[   12.171655] cloud-init[1072]: ci-info: | Route | Destination | Gateway | Interface | Flags |
[   12.262659] cloud-init[1072]: ci-info: +-------+-------------+---------+-----------+-------+
         Starting iSCSI initiator daemon (iscsid)...
[[0;32m  OK  [0m] Listening on Socket activation for snappy daemon.
[[0;32m  OK  [0m] Listening on LXD - unix socket.
[   12.267308] cloud-init[1072]: ci-info: |   0   |  fe80::/64  |    ::   |   enp0s8  |   U   |
[   12.341806] cloud-init[1072]: ci-info: |   1   |  fe80::/64  |    ::   |   enp0s3  |   U   |
[[0;32m  OK  [0m] Reached target Sockets.
[[0;32m  OK  [0m] Reached target Basic System.
[   12.346331] cloud-init[1072]: ci-info: |   4   |   ff00::/8  |    ::   |   enp0s8  |   U   |
[   12.401624] cloud-init[1072]: ci-info: |   5   |   ff00::/8  |    ::   |   enp0s3  |   U   |
[   12.403299] cloud-init[1072]: ci-info: +-------+-------------+---------+-----------+-------+
[[0;32m  OK  [0m] Started Regular background program processing daemon.
[[0;32m  OK  [0m] Started D-Bus System Message Bus.
         Starting LSB: Record successful boot for GRUB...
[[0;32m  OK  [0m] Started FUSE filesystem for LXC.
         Starting Accounts Service...
         Starting /etc/rc.local Compatibility...
         Starting Login Service...
[[0;32m  OK  [0m] Started ACPI event daemon.
         Starting Virtualbox guest utils...
[[0;32m  OK  [0m] Started High-performance, schema-free document-oriented database.
[[0;32m  OK  [0m] Started Deferred execution scheduler.
         Starting LXD - container startup/shutdown...
         Starting LSB: MD monitoring daemon...
         Starting System Logging Service...
         Starting OpenBSD Secure Shell server...
         Starting Snappy daemon...
[[0;32m  OK  [0m] Started System Logging Service.
[[0;32m  OK  [0m] Started iSCSI initiator daemon (iscsid).
[[0;32m  OK  [0m] Started /etc/rc.local Compatibility.
[[0;32m  OK  [0m] Started OpenBSD Secure Shell server.
         Starting Authenticate and Authorize Users to Run Privileged Tasks...
         Starting Login to default iSCSI targets...
[[0;32m  OK  [0m] Started Login Service.
[[0;32m  OK  [0m] Started Unattended Upgrades Shutdown.
[[0;32m  OK  [0m] Started LSB: Record successful boot for GRUB.
[[0;32m  OK  [0m] Started Authenticate and Authorize Users to Run Privileged Tasks.
[[0;32m  OK  [0m] Started LSB: MD monitoring daemon.
[[0;32m  OK  [0m] Started Accounts Service.
[[0;32m  OK  [0m] Started Login to default iSCSI targets.
[[0;32m  OK  [0m] Reached target Remote File Systems (Pre).
[[0;32m  OK  [0m] Reached target Remote File Systems.
         Starting LSB: daemon to balance interrupts for SMP systems...
         Starting LSB: Set the CPU Frequency Scaling governor to "ondemand"...
         Starting LSB: automatic crash report generation...
         Starting Permit User Sessions...
[[0;32m  OK  [0m] Started Permit User Sessions.
         Starting Terminate Plymouth Boot Screen...
         Starting Hold until boot process finishes up...
[[0;32m  OK  [0m] Started Terminate Plymouth Boot Screen.
[[0;32m  OK  [0m] Started LXD - container startup/shutdown.
[[0;32m  OK  [0m] Started Hold until boot process finishes up.
[[0;32m  OK  [0m] Started Getty on tty1.
         Starting Set console scheme...
[[0;32m  OK  [0m] Started Serial Getty on ttyS0.
[[0;32m  OK  [0m] Reached target Login Prompts.
[[0;32m  OK  [0m] Started LSB: daemon to balance interrupts for SMP systems.
[[0;32m  OK  [0m] Started LSB: Set the CPU Frequency Scaling governor to "ondemand".
[[0;32m  OK  [0m] Started LSB: automatic crash report generation.
[[0;32m  OK  [0m] Started Set console scheme.
[[0;32m  OK  [0m] Started Virtualbox guest utils.
[[0;32m  OK  [0m] Created slice User Slice of vagrant.
         Starting User Manager for UID 1000...
[[0;32m  OK  [0m] Started Session 1 of user vagrant.
[[0;32m  OK  [0m] Started User Manager for UID 1000.
[[0;32m  OK  [0m] Started Snappy daemon.
         Starting Wait until snapd is fully seeded...
[[0;32m  OK  [0m] Started Wait until snapd is fully seeded.
         Starting Apply the settings specified in cloud-config...
[[0;32m  OK  [0m] Reached target Multi-User System.
[[0;32m  OK  [0m] Reached target Graphical Interface.
         Starting Update UTMP about System Runlevel Changes...
[[0;32m  OK  [0m] Started Update UTMP about System Runlevel Changes.
[   13.751469] cloud-init[1360]: Cloud-init v. 19.3-41-gc4735dd3-0ubuntu1~16.04.1 running 'modules:config' at Tue, 17 Dec 2019 11:49:06 +0000. Up 13.64 seconds.
[[0;32m  OK  [0m] Started Apply the settings specified in cloud-config.
         Starting Execute cloud user/final scripts...
[   14.159770] cloud-init[1420]: Cloud-init v. 19.3-41-gc4735dd3-0ubuntu1~16.04.1 running 'modules:final' at Tue, 17 Dec 2019 11:49:06 +0000. Up 14.06 seconds.
[   14.162277] cloud-init[1420]: Cloud-init v. 19.3-41-gc4735dd3-0ubuntu1~16.04.1 finished at Tue, 17 Dec 2019 11:49:06 +0000. Datasource DataSourceNoCloud [seed=/dev/sdb][dsmode=net].  Up 14.15 seconds
[[0;32m  OK  [0m] Started Execute cloud user/final scripts.
[[0;32m  OK  [0m] Reached target Cloud-init target.

Ubuntu 16.04.6 LTS ubuntu-xenial ttyS0

ubuntu-xenial login: 